[debug] [2020-09-11T22:40:01.384Z] ----------------------------------------------------------------------
[debug] [2020-09-11T22:40:01.388Z] Command:       C:\Program Files\nodejs\node.exe C:\Users\Numan\AppData\Roaming\npm\node_modules\firebase-tools\lib\bin\firebase.js emulators:start
[debug] [2020-09-11T22:40:01.388Z] CLI Version:   8.10.0
[debug] [2020-09-11T22:40:01.389Z] Platform:      win32
[debug] [2020-09-11T22:40:01.389Z] Node Version:  v12.18.2
[debug] [2020-09-11T22:40:01.475Z] Time:          Sat Sep 12 2020 04:40:01 GMT+0600 (Bangladesh Standard Time)
[debug] [2020-09-11T22:40:01.476Z] ----------------------------------------------------------------------
[debug] [2020-09-11T22:40:01.476Z] 
[debug] [2020-09-11T22:40:01.571Z] > command requires scopes: ["email","openid","https://www.googleapis.com/auth/cloudplatformprojects.readonly","https://www.googleapis.com/auth/firebase","https://www.googleapis.com/auth/cloud-platform"]
[debug] [2020-09-11T22:40:01.572Z] > authorizing via signed-in user
[info] i  emulators: Starting emulators: functions, hosting {"metadata":{"emulator":{"name":"hub"},"message":"Starting emulators: functions, hosting"}}
[debug] [2020-09-11T22:40:03.119Z] [hub] writing locator at C:\Users\Numan\AppData\Local\Temp\hub-clone-81330.json
[warn] !  functions: The following emulators are not running, calls to these services from the Functions emulator will affect production: firestore, database, pubsub {"metadata":{"emulator":{"name":"functions"},"message":"The following emulators are not running, calls to these services from the Functions emulator will affect production: \u001b[1mfirestore, database, pubsub\u001b[22m"}}
[warn] !  Your requested "node" version "10" doesn't match your global version "12" {"metadata":{"emulator":{"name":"functions"},"message":"Your requested \"node\" version \"10\" doesn't match your global version \"12\""}}
[debug] [2020-09-11T22:40:04.977Z] defaultcredentials: writing to file C:\Users\Numan\AppData\Roaming\firebase\numanahmedw318_gmail_com_application_default_credentials.json
[debug] [2020-09-11T22:40:04.981Z] Setting GAC to C:\Users\Numan\AppData\Roaming\firebase\numanahmedw318_gmail_com_application_default_credentials.json {"metadata":{"emulator":{"name":"functions"},"message":"Setting GAC to C:\\Users\\Numan\\AppData\\Roaming\\firebase\\numanahmedw318_gmail_com_application_default_credentials.json"}}
[debug] [2020-09-11T22:40:05.997Z] > refreshing access token with scopes: ["email","https://www.googleapis.com/auth/cloud-platform","https://www.googleapis.com/auth/cloudplatformprojects.readonly","https://www.googleapis.com/auth/firebase","openid"]
[debug] [2020-09-11T22:40:05.997Z] >>> HTTP REQUEST POST https://www.googleapis.com/oauth2/v3/token  
 <request body omitted>
[debug] [2020-09-11T22:40:09.112Z] <<< HTTP RESPONSE 200 {"content-type":"application/json; charset=utf-8","vary":"X-Origin, Referer, Origin,Accept-Encoding","date":"Fri, 11 Sep 2020 22:40:06 GMT","server":"scaffolding on HTTPServer2","cache-control":"private","x-xss-protection":"0","x-frame-options":"SAMEORIGIN","x-content-type-options":"nosniff","alt-svc":"h3-29=\":443\"; ma=2592000,h3-27=\":443\"; ma=2592000,h3-T051=\":443\"; ma=2592000,h3-T050=\":443\"; ma=2592000,h3-Q050=\":443\"; ma=2592000,h3-Q046=\":443\"; ma=2592000,h3-Q043=\":443\"; ma=2592000,quic=\":443\"; ma=2592000; v=\"46,43\"","accept-ranges":"none","transfer-encoding":"chunked"}
[debug] [2020-09-11T22:40:09.152Z] >>> HTTP REQUEST GET https://firebase.googleapis.com/v1beta1/projects/clone-81330/webApps/-/config  
 
[debug] [2020-09-11T22:40:11.107Z] <<< HTTP RESPONSE 200 {"content-type":"application/json; charset=UTF-8","vary":"X-Origin, Referer, Origin,Accept-Encoding","date":"Fri, 11 Sep 2020 22:40:08 GMT","server":"ESF","cache-control":"private","x-xss-protection":"0","x-frame-options":"SAMEORIGIN","x-content-type-options":"nosniff","alt-svc":"h3-29=\":443\"; ma=2592000,h3-27=\":443\"; ma=2592000,h3-T051=\":443\"; ma=2592000,h3-T050=\":443\"; ma=2592000,h3-Q050=\":443\"; ma=2592000,h3-Q046=\":443\"; ma=2592000,h3-Q043=\":443\"; ma=2592000,quic=\":443\"; ma=2592000; v=\"46,43\"","accept-ranges":"none","transfer-encoding":"chunked"}
[info] i  hosting: Serving hosting files from: build {"metadata":{"emulator":{"name":"hosting"},"message":"Serving hosting files from: \u001b[1mbuild\u001b[22m"}}
[info] +  hosting: Local server: http://localhost:5000 {"metadata":{"emulator":{"name":"hosting"},"message":"Local server: \u001b[4m\u001b[1mhttp://localhost:5000\u001b[22m\u001b[24m"}}
[warn] !  ui: Emulator UI unable to start on port 4000, starting on 4001 instead. {"metadata":{"emulator":{"name":"ui"},"message":"Emulator UI unable to start on port 4000, starting on 4001 instead."}}
[debug] [2020-09-11T22:40:12.510Z] Ignoring unsupported arg: auto_download {"metadata":{"emulator":{"name":"ui"},"message":"Ignoring unsupported arg: auto_download"}}
[debug] [2020-09-11T22:40:12.510Z] Ignoring unsupported arg: port {"metadata":{"emulator":{"name":"ui"},"message":"Ignoring unsupported arg: port"}}
[debug] [2020-09-11T22:40:12.510Z] Starting Emulator UI with command {"binary":"node","args":["C:\\Users\\Numan\\.cache\\firebase\\emulators\\ui-v1.1.1\\server.bundle.js"],"optionalArgs":[],"joinArgs":false} {"metadata":{"emulator":{"name":"ui"},"message":"Starting Emulator UI with command {\"binary\":\"node\",\"args\":[\"C:\\\\Users\\\\Numan\\\\.cache\\\\firebase\\\\emulators\\\\ui-v1.1.1\\\\server.bundle.js\"],\"optionalArgs\":[],\"joinArgs\":false}"}}
[info] i  ui: Emulator UI logging to ui-debug.log {"metadata":{"emulator":{"name":"ui"},"message":"Emulator UI logging to \u001b[1mui-debug.log\u001b[22m"}}
[debug] [2020-09-11T22:40:12.831Z] Web / API server started at http://localhost:4001
 {"metadata":{"emulator":{"name":"ui"},"message":"Web / API server started at http://localhost:4001\n"}}
[info] i  functions: Watching "H:\React Protfolio\amazon_clone\functions" for Cloud Functions... {"metadata":{"emulator":{"name":"functions"},"message":"Watching \"H:\\React Protfolio\\amazon_clone\\functions\" for Cloud Functions..."}}
[debug] [2020-09-11T22:40:13.323Z] [worker-pool] addWorker(~diagnostic~) {"metadata":{"emulator":{"name":"functions"},"message":"[worker-pool] addWorker(~diagnostic~)"}}
[debug] [2020-09-11T22:40:13.323Z] [worker-pool] Adding worker with key ~diagnostic~, total=1 {"metadata":{"emulator":{"name":"functions"},"message":"[worker-pool] Adding worker with key ~diagnostic~, total=1"}}
[debug] [2020-09-11T22:40:13.323Z] [worker-pool] submitWork(triggerId=) {"metadata":{"emulator":{"name":"functions"},"message":"[worker-pool] submitWork(triggerId=)"}}
[debug] [2020-09-11T22:40:13.324Z] [worker-~diagnostic~-b6aaf737-696b-4729-b14f-a4afbf299a48]: Assigning socketPath: \\?\pipe\H:\React Protfolio\amazon_clone\functions\1616 {"metadata":{"emulator":{"name":"functions"},"message":"[worker-~diagnostic~-b6aaf737-696b-4729-b14f-a4afbf299a48]: Assigning socketPath: \\\\?\\pipe\\H:\\React Protfolio\\amazon_clone\\functions\\1616"}}
[debug] [2020-09-11T22:40:13.325Z] [worker-~diagnostic~-b6aaf737-696b-4729-b14f-a4afbf299a48]: BUSY {"metadata":{"emulator":{"name":"functions"},"message":"[worker-~diagnostic~-b6aaf737-696b-4729-b14f-a4afbf299a48]: BUSY"}}
[debug] [2020-09-11T22:40:13.850Z] [runtime-status] [1616] Functions runtime initialized. {"cwd":"H:\\React Protfolio\\amazon_clone\\functions","node_version":"12.18.2"} {"metadata":{"emulator":{"name":"functions"},"message":"[runtime-status] [1616] Functions runtime initialized. {\"cwd\":\"H:\\\\React Protfolio\\\\amazon_clone\\\\functions\",\"node_version\":\"12.18.2\"}"}}
[debug] [2020-09-11T22:40:13.859Z] [runtime-status] [1616] Disabled runtime features: undefined {"metadata":{"emulator":{"name":"functions"},"message":"[runtime-status] [1616] Disabled runtime features: undefined"}}
[debug] [2020-09-11T22:40:14.176Z] [runtime-status] [1616] Resolved module firebase-admin {"declared":true,"installed":true,"version":"8.13.0","resolution":"H:\\React Protfolio\\amazon_clone\\functions\\node_modules\\firebase-admin\\lib\\index.js"} {"metadata":{"emulator":{"name":"functions"},"message":"[runtime-status] [1616] Resolved module firebase-admin {\"declared\":true,\"installed\":true,\"version\":\"8.13.0\",\"resolution\":\"H:\\\\React Protfolio\\\\amazon_clone\\\\functions\\\\node_modules\\\\firebase-admin\\\\lib\\\\index.js\"}"}}
[debug] [2020-09-11T22:40:14.326Z] [runtime-status] [1616] Resolved module firebase-functions {"declared":true,"installed":true,"version":"3.11.0","resolution":"H:\\React Protfolio\\amazon_clone\\functions\\node_modules\\firebase-functions\\lib\\index.js"} {"metadata":{"emulator":{"name":"functions"},"message":"[runtime-status] [1616] Resolved module firebase-functions {\"declared\":true,\"installed\":true,\"version\":\"3.11.0\",\"resolution\":\"H:\\\\React Protfolio\\\\amazon_clone\\\\functions\\\\node_modules\\\\firebase-functions\\\\lib\\\\index.js\"}"}}
[debug] [2020-09-11T22:40:14.328Z] [runtime-status] [1616] Resolved module firebase-functions {"declared":true,"installed":true,"version":"3.11.0","resolution":"H:\\React Protfolio\\amazon_clone\\functions\\node_modules\\firebase-functions\\lib\\index.js"} {"metadata":{"emulator":{"name":"functions"},"message":"[runtime-status] [1616] Resolved module firebase-functions {\"declared\":true,\"installed\":true,\"version\":\"3.11.0\",\"resolution\":\"H:\\\\React Protfolio\\\\amazon_clone\\\\functions\\\\node_modules\\\\firebase-functions\\\\lib\\\\index.js\"}"}}
[debug] [2020-09-11T22:40:14.331Z] [runtime-status] [1616] Outgoing network have been stubbed. [{"name":"http","status":"mocked"},{"name":"http","status":"mocked"},{"name":"https","status":"mocked"},{"name":"https","status":"mocked"},{"name":"net","status":"mocked"}] {"metadata":{"emulator":{"name":"functions"},"message":"[runtime-status] [1616] Outgoing network have been stubbed. [{\"name\":\"http\",\"status\":\"mocked\"},{\"name\":\"http\",\"status\":\"mocked\"},{\"name\":\"https\",\"status\":\"mocked\"},{\"name\":\"https\",\"status\":\"mocked\"},{\"name\":\"net\",\"status\":\"mocked\"}]"}}
[debug] [2020-09-11T22:40:14.332Z] [runtime-status] [1616] Resolved module firebase-functions {"declared":true,"installed":true,"version":"3.11.0","resolution":"H:\\React Protfolio\\amazon_clone\\functions\\node_modules\\firebase-functions\\lib\\index.js"} {"metadata":{"emulator":{"name":"functions"},"message":"[runtime-status] [1616] Resolved module firebase-functions {\"declared\":true,\"installed\":true,\"version\":\"3.11.0\",\"resolution\":\"H:\\\\React Protfolio\\\\amazon_clone\\\\functions\\\\node_modules\\\\firebase-functions\\\\lib\\\\index.js\"}"}}
[debug] [2020-09-11T22:40:15.526Z] [runtime-status] [1616] Checked functions.config() {"config":{}} {"metadata":{"emulator":{"name":"functions"},"message":"[runtime-status] [1616] Checked functions.config() {\"config\":{}}"}}
[debug] [2020-09-11T22:40:15.527Z] [runtime-status] [1616] firebase-functions has been stubbed. {"functionsResolution":{"declared":true,"installed":true,"version":"3.11.0","resolution":"H:\\React Protfolio\\amazon_clone\\functions\\node_modules\\firebase-functions\\lib\\index.js"}} {"metadata":{"emulator":{"name":"functions"},"message":"[runtime-status] [1616] firebase-functions has been stubbed. {\"functionsResolution\":{\"declared\":true,\"installed\":true,\"version\":\"3.11.0\",\"resolution\":\"H:\\\\React Protfolio\\\\amazon_clone\\\\functions\\\\node_modules\\\\firebase-functions\\\\lib\\\\index.js\"}}"}}
[debug] [2020-09-11T22:40:15.527Z] [runtime-status] [1616] Resolved module firebase-functions {"declared":true,"installed":true,"version":"3.11.0","resolution":"H:\\React Protfolio\\amazon_clone\\functions\\node_modules\\firebase-functions\\lib\\index.js"} {"metadata":{"emulator":{"name":"functions"},"message":"[runtime-status] [1616] Resolved module firebase-functions {\"declared\":true,\"installed\":true,\"version\":\"3.11.0\",\"resolution\":\"H:\\\\React Protfolio\\\\amazon_clone\\\\functions\\\\node_modules\\\\firebase-functions\\\\lib\\\\index.js\"}"}}
[debug] [2020-09-11T22:40:15.529Z] [runtime-status] [1616] Resolved module firebase-admin {"declared":true,"installed":true,"version":"8.13.0","resolution":"H:\\React Protfolio\\amazon_clone\\functions\\node_modules\\firebase-admin\\lib\\index.js"} {"metadata":{"emulator":{"name":"functions"},"message":"[runtime-status] [1616] Resolved module firebase-admin {\"declared\":true,\"installed\":true,\"version\":\"8.13.0\",\"resolution\":\"H:\\\\React Protfolio\\\\amazon_clone\\\\functions\\\\node_modules\\\\firebase-admin\\\\lib\\\\index.js\"}"}}
[debug] [2020-09-11T22:40:15.530Z] [runtime-status] [1616] Resolved module firebase-functions {"declared":true,"installed":true,"version":"3.11.0","resolution":"H:\\React Protfolio\\amazon_clone\\functions\\node_modules\\firebase-functions\\lib\\index.js"} {"metadata":{"emulator":{"name":"functions"},"message":"[runtime-status] [1616] Resolved module firebase-functions {\"declared\":true,\"installed\":true,\"version\":\"3.11.0\",\"resolution\":\"H:\\\\React Protfolio\\\\amazon_clone\\\\functions\\\\node_modules\\\\firebase-functions\\\\lib\\\\index.js\"}"}}
[debug] [2020-09-11T22:40:15.531Z] [runtime-status] [1616] firebase-admin has been stubbed. {"adminResolution":{"declared":true,"installed":true,"version":"8.13.0","resolution":"H:\\React Protfolio\\amazon_clone\\functions\\node_modules\\firebase-admin\\lib\\index.js"}} {"metadata":{"emulator":{"name":"functions"},"message":"[runtime-status] [1616] firebase-admin has been stubbed. {\"adminResolution\":{\"declared\":true,\"installed\":true,\"version\":\"8.13.0\",\"resolution\":\"H:\\\\React Protfolio\\\\amazon_clone\\\\functions\\\\node_modules\\\\firebase-admin\\\\lib\\\\index.js\"}}"}}
[info] +  functions[api]: http function initialized (http://localhost:5001/clone-81330/us-central1/api). {"metadata":{"emulator":{"name":"functions"},"message":"\u001b[1mhttp\u001b[22m function initialized (http://localhost:5001/clone-81330/us-central1/api)."}}
[info] 
┌───────────────────────────────────────────────────────────────────────┐
│ ✔  All emulators ready! View status and logs at http://localhost:4001 │
└───────────────────────────────────────────────────────────────────────┘

┌───────────┬────────────────┬─────────────────────────────────┐
│ Emulator  │ Host:Port      │ View in Emulator UI             │
├───────────┼────────────────┼─────────────────────────────────┤
│ Functions │ localhost:5001 │ http://localhost:4001/functions │
├───────────┼────────────────┼─────────────────────────────────┤
│ Hosting   │ localhost:5000 │ n/a                             │
└───────────┴────────────────┴─────────────────────────────────┘
  Other reserved ports: 4400, 4500

Issues? Report them at https://github.com/firebase/firebase-tools/issues and attach the *-debug.log files.
 
[debug] [2020-09-11T22:40:19.057Z] [worker-~diagnostic~-b6aaf737-696b-4729-b14f-a4afbf299a48]: IDLE {"metadata":{"emulator":{"name":"functions"},"message":"[worker-~diagnostic~-b6aaf737-696b-4729-b14f-a4afbf299a48]: IDLE"}}
[debug] [2020-09-11T22:57:18.803Z] [work-queue] {"queueLength":1,"workRunningCount":0}
[debug] [2020-09-11T22:57:18.803Z] [work-queue] {"queueLength":0,"workRunningCount":1}
[debug] [2020-09-11T22:57:18.804Z] Accepted request POST /clone-81330/us-central1/api/payments/create?total=146011 --> api
[debug] [2020-09-11T22:57:18.875Z] [worker-pool] addWorker(api) {"metadata":{"emulator":{"name":"functions"},"message":"[worker-pool] addWorker(api)"}}
[debug] [2020-09-11T22:57:18.876Z] [worker-pool] Adding worker with key api, total=1 {"metadata":{"emulator":{"name":"functions"},"message":"[worker-pool] Adding worker with key api, total=1"}}
[debug] [2020-09-11T22:57:18.876Z] [worker-pool] submitWork(triggerId=api) {"metadata":{"emulator":{"name":"functions"},"message":"[worker-pool] submitWork(triggerId=api)"}}
[debug] [2020-09-11T22:57:18.876Z] [worker-api-62ed439c-a4e2-4b9f-a40d-6f8476501d8f]: Assigning socketPath: \\?\pipe\H:\React Protfolio\amazon_clone\functions\3208 {"metadata":{"emulator":{"name":"functions"},"message":"[worker-api-62ed439c-a4e2-4b9f-a40d-6f8476501d8f]: Assigning socketPath: \\\\?\\pipe\\H:\\React Protfolio\\amazon_clone\\functions\\3208"}}
[debug] [2020-09-11T22:57:18.877Z] [worker-api-62ed439c-a4e2-4b9f-a40d-6f8476501d8f]: BUSY {"metadata":{"emulator":{"name":"functions"},"message":"[worker-api-62ed439c-a4e2-4b9f-a40d-6f8476501d8f]: BUSY"}}
[debug] [2020-09-11T22:57:23.635Z] [runtime-status] [3208] Functions runtime initialized. {"cwd":"H:\\React Protfolio\\amazon_clone\\functions","node_version":"12.18.2"} {"metadata":{"emulator":{"name":"functions"},"function":{"name":"api"},"message":"[runtime-status] [3208] Functions runtime initialized. {\"cwd\":\"H:\\\\React Protfolio\\\\amazon_clone\\\\functions\",\"node_version\":\"12.18.2\"}"}}
[debug] [2020-09-11T22:57:23.649Z] [runtime-status] [3208] Disabled runtime features: undefined {"metadata":{"emulator":{"name":"functions"},"function":{"name":"api"},"message":"[runtime-status] [3208] Disabled runtime features: undefined"}}
[debug] [2020-09-11T22:57:23.689Z] [runtime-status] [3208] Resolved module firebase-admin {"declared":true,"installed":true,"version":"8.13.0","resolution":"H:\\React Protfolio\\amazon_clone\\functions\\node_modules\\firebase-admin\\lib\\index.js"} {"metadata":{"emulator":{"name":"functions"},"function":{"name":"api"},"message":"[runtime-status] [3208] Resolved module firebase-admin {\"declared\":true,\"installed\":true,\"version\":\"8.13.0\",\"resolution\":\"H:\\\\React Protfolio\\\\amazon_clone\\\\functions\\\\node_modules\\\\firebase-admin\\\\lib\\\\index.js\"}"}}
[debug] [2020-09-11T22:57:23.698Z] [runtime-status] [3208] Resolved module firebase-functions {"declared":true,"installed":true,"version":"3.11.0","resolution":"H:\\React Protfolio\\amazon_clone\\functions\\node_modules\\firebase-functions\\lib\\index.js"} {"metadata":{"emulator":{"name":"functions"},"function":{"name":"api"},"message":"[runtime-status] [3208] Resolved module firebase-functions {\"declared\":true,\"installed\":true,\"version\":\"3.11.0\",\"resolution\":\"H:\\\\React Protfolio\\\\amazon_clone\\\\functions\\\\node_modules\\\\firebase-functions\\\\lib\\\\index.js\"}"}}
[debug] [2020-09-11T22:57:23.700Z] [runtime-status] [3208] Resolved module firebase-functions {"declared":true,"installed":true,"version":"3.11.0","resolution":"H:\\React Protfolio\\amazon_clone\\functions\\node_modules\\firebase-functions\\lib\\index.js"} {"metadata":{"emulator":{"name":"functions"},"function":{"name":"api"},"message":"[runtime-status] [3208] Resolved module firebase-functions {\"declared\":true,\"installed\":true,\"version\":\"3.11.0\",\"resolution\":\"H:\\\\React Protfolio\\\\amazon_clone\\\\functions\\\\node_modules\\\\firebase-functions\\\\lib\\\\index.js\"}"}}
[debug] [2020-09-11T22:57:23.705Z] [runtime-status] [3208] Outgoing network have been stubbed. [{"name":"http","status":"mocked"},{"name":"http","status":"mocked"},{"name":"https","status":"mocked"},{"name":"https","status":"mocked"},{"name":"net","status":"mocked"}] {"metadata":{"emulator":{"name":"functions"},"function":{"name":"api"},"message":"[runtime-status] [3208] Outgoing network have been stubbed. [{\"name\":\"http\",\"status\":\"mocked\"},{\"name\":\"http\",\"status\":\"mocked\"},{\"name\":\"https\",\"status\":\"mocked\"},{\"name\":\"https\",\"status\":\"mocked\"},{\"name\":\"net\",\"status\":\"mocked\"}]"}}
[debug] [2020-09-11T22:57:23.706Z] [runtime-status] [3208] Resolved module firebase-functions {"declared":true,"installed":true,"version":"3.11.0","resolution":"H:\\React Protfolio\\amazon_clone\\functions\\node_modules\\firebase-functions\\lib\\index.js"} {"metadata":{"emulator":{"name":"functions"},"function":{"name":"api"},"message":"[runtime-status] [3208] Resolved module firebase-functions {\"declared\":true,\"installed\":true,\"version\":\"3.11.0\",\"resolution\":\"H:\\\\React Protfolio\\\\amazon_clone\\\\functions\\\\node_modules\\\\firebase-functions\\\\lib\\\\index.js\"}"}}
[debug] [2020-09-11T22:57:24.053Z] [runtime-status] [3208] Checked functions.config() {"config":{}} {"metadata":{"emulator":{"name":"functions"},"function":{"name":"api"},"message":"[runtime-status] [3208] Checked functions.config() {\"config\":{}}"}}
[debug] [2020-09-11T22:57:24.053Z] [runtime-status] [3208] firebase-functions has been stubbed. {"functionsResolution":{"declared":true,"installed":true,"version":"3.11.0","resolution":"H:\\React Protfolio\\amazon_clone\\functions\\node_modules\\firebase-functions\\lib\\index.js"}} {"metadata":{"emulator":{"name":"functions"},"function":{"name":"api"},"message":"[runtime-status] [3208] firebase-functions has been stubbed. {\"functionsResolution\":{\"declared\":true,\"installed\":true,\"version\":\"3.11.0\",\"resolution\":\"H:\\\\React Protfolio\\\\amazon_clone\\\\functions\\\\node_modules\\\\firebase-functions\\\\lib\\\\index.js\"}}"}}
[debug] [2020-09-11T22:57:24.054Z] [runtime-status] [3208] Resolved module firebase-functions {"declared":true,"installed":true,"version":"3.11.0","resolution":"H:\\React Protfolio\\amazon_clone\\functions\\node_modules\\firebase-functions\\lib\\index.js"} {"metadata":{"emulator":{"name":"functions"},"function":{"name":"api"},"message":"[runtime-status] [3208] Resolved module firebase-functions {\"declared\":true,\"installed\":true,\"version\":\"3.11.0\",\"resolution\":\"H:\\\\React Protfolio\\\\amazon_clone\\\\functions\\\\node_modules\\\\firebase-functions\\\\lib\\\\index.js\"}"}}
[debug] [2020-09-11T22:57:24.056Z] [runtime-status] [3208] Resolved module firebase-admin {"declared":true,"installed":true,"version":"8.13.0","resolution":"H:\\React Protfolio\\amazon_clone\\functions\\node_modules\\firebase-admin\\lib\\index.js"} {"metadata":{"emulator":{"name":"functions"},"function":{"name":"api"},"message":"[runtime-status] [3208] Resolved module firebase-admin {\"declared\":true,\"installed\":true,\"version\":\"8.13.0\",\"resolution\":\"H:\\\\React Protfolio\\\\amazon_clone\\\\functions\\\\node_modules\\\\firebase-admin\\\\lib\\\\index.js\"}"}}
[debug] [2020-09-11T22:57:24.056Z] [runtime-status] [3208] Resolved module firebase-functions {"declared":true,"installed":true,"version":"3.11.0","resolution":"H:\\React Protfolio\\amazon_clone\\functions\\node_modules\\firebase-functions\\lib\\index.js"} {"metadata":{"emulator":{"name":"functions"},"function":{"name":"api"},"message":"[runtime-status] [3208] Resolved module firebase-functions {\"declared\":true,\"installed\":true,\"version\":\"3.11.0\",\"resolution\":\"H:\\\\React Protfolio\\\\amazon_clone\\\\functions\\\\node_modules\\\\firebase-functions\\\\lib\\\\index.js\"}"}}
[debug] [2020-09-11T22:57:24.057Z] [runtime-status] [3208] firebase-admin has been stubbed. {"adminResolution":{"declared":true,"installed":true,"version":"8.13.0","resolution":"H:\\React Protfolio\\amazon_clone\\functions\\node_modules\\firebase-admin\\lib\\index.js"}} {"metadata":{"emulator":{"name":"functions"},"function":{"name":"api"},"message":"[runtime-status] [3208] firebase-admin has been stubbed. {\"adminResolution\":{\"declared\":true,\"installed\":true,\"version\":\"8.13.0\",\"resolution\":\"H:\\\\React Protfolio\\\\amazon_clone\\\\functions\\\\node_modules\\\\firebase-admin\\\\lib\\\\index.js\"}}"}}
[debug] [2020-09-11T22:57:25.728Z] [runtime-status] [3208] Trigger "api" has been found, beginning invocation! {"metadata":{"emulator":{"name":"functions"},"function":{"name":"api"},"message":"[runtime-status] [3208] Trigger \"api\" has been found, beginning invocation!"}}
[info] i  functions: Beginning execution of "api" {"metadata":{"emulator":{"name":"functions"},"function":{"name":"api"},"message":"Beginning execution of \"api\""}}
[debug] [2020-09-11T22:57:25.730Z] [runtime-status] [3208] triggerDefinition {"httpsTrigger":{},"name":"api","entryPoint":"api"} {"metadata":{"emulator":{"name":"functions"},"function":{"name":"api"},"message":"[runtime-status] [3208] triggerDefinition {\"httpsTrigger\":{},\"name\":\"api\",\"entryPoint\":\"api\"}"}}
[debug] [2020-09-11T22:57:25.730Z] [runtime-status] [3208] Running api in mode HTTPS {"metadata":{"emulator":{"name":"functions"},"function":{"name":"api"},"message":"[runtime-status] [3208] Running api in mode HTTPS"}}
[debug] [2020-09-11T22:57:25.735Z] [runtime-status] [3208] Attempting to listen to socketPath: \\?\pipe\H:\React Protfolio\amazon_clone\functions\3208 {"metadata":{"emulator":{"name":"functions"},"function":{"name":"api"},"message":"[runtime-status] [3208] Attempting to listen to socketPath: \\\\?\\pipe\\H:\\React Protfolio\\amazon_clone\\functions\\3208"}}
[debug] [2020-09-11T22:57:25.751Z] [functions] Runtime ready! Sending request! {"metadata":{"emulator":{"name":"functions"},"message":"[functions] Runtime ready! Sending request!"}}
[debug] [2020-09-11T22:57:25.761Z] [runtime-status] [3208] Ephemeral server handling POST request {"metadata":{"emulator":{"name":"functions"},"function":{"name":"api"},"message":"[runtime-status] [3208] Ephemeral server handling POST request"}}
[info] >  Payment Request Recieved BOOM!!! for this amount >>>  146011 {"user":"Payment Request Recieved BOOM!!! for this amount >>>  146011","metadata":{"emulator":{"name":"functions"},"function":{"name":"api"},"message":"\u001b[90m> \u001b[39m Payment Request Recieved BOOM!!! for this amount >>>  146011"}}
[debug] [2020-09-11T22:57:25.799Z] [runtime-status] [3208] Ephemeral server survived. {"metadata":{"emulator":{"name":"functions"},"function":{"name":"api"},"message":"[runtime-status] [3208] Ephemeral server survived."}}
[info] i  functions: Finished "api" in ~2s {"metadata":{"emulator":{"name":"functions"},"function":{"name":"api"},"message":"Finished \"api\" in ~2s"}}
[debug] [2020-09-11T22:57:28.038Z] [worker-api-62ed439c-a4e2-4b9f-a40d-6f8476501d8f]: IDLE {"metadata":{"emulator":{"name":"functions"},"message":"[worker-api-62ed439c-a4e2-4b9f-a40d-6f8476501d8f]: IDLE"}}
[debug] [2020-09-11T22:57:28.039Z] [work-queue] {"queueLength":0,"workRunningCount":0}
[debug] [2020-09-11T22:57:41.288Z] [work-queue] {"queueLength":1,"workRunningCount":0}
[debug] [2020-09-11T22:57:41.289Z] [work-queue] {"queueLength":0,"workRunningCount":1}
[debug] [2020-09-11T22:57:41.289Z] Accepted request POST /clone-81330/us-central1/api/payments/create?total=0 --> api
[debug] [2020-09-11T22:57:41.289Z] [worker-pool] submitWork(triggerId=api) {"metadata":{"emulator":{"name":"functions"},"message":"[worker-pool] submitWork(triggerId=api)"}}
[debug] [2020-09-11T22:57:41.290Z] [worker-api-62ed439c-a4e2-4b9f-a40d-6f8476501d8f]: Assigning socketPath: \\?\pipe\H:\React Protfolio\amazon_clone\functions\3208 {"metadata":{"emulator":{"name":"functions"},"message":"[worker-api-62ed439c-a4e2-4b9f-a40d-6f8476501d8f]: Assigning socketPath: \\\\?\\pipe\\H:\\React Protfolio\\amazon_clone\\functions\\3208"}}
[debug] [2020-09-11T22:57:41.290Z] [worker-api-62ed439c-a4e2-4b9f-a40d-6f8476501d8f]: BUSY {"metadata":{"emulator":{"name":"functions"},"message":"[worker-api-62ed439c-a4e2-4b9f-a40d-6f8476501d8f]: BUSY"}}
[debug] [2020-09-11T22:57:41.291Z] [runtime-status] [3208] Trigger "api" has been found, beginning invocation! {"metadata":{"emulator":{"name":"functions"},"function":{"name":"api"},"message":"[runtime-status] [3208] Trigger \"api\" has been found, beginning invocation!"}}
[info] i  functions: Beginning execution of "api" {"metadata":{"emulator":{"name":"functions"},"function":{"name":"api"},"message":"Beginning execution of \"api\""}}
[debug] [2020-09-11T22:57:41.293Z] [runtime-status] [3208] triggerDefinition {"httpsTrigger":{},"name":"api","entryPoint":"api"} {"metadata":{"emulator":{"name":"functions"},"function":{"name":"api"},"message":"[runtime-status] [3208] triggerDefinition {\"httpsTrigger\":{},\"name\":\"api\",\"entryPoint\":\"api\"}"}}
[debug] [2020-09-11T22:57:41.293Z] [runtime-status] [3208] Running api in mode HTTPS {"metadata":{"emulator":{"name":"functions"},"function":{"name":"api"},"message":"[runtime-status] [3208] Running api in mode HTTPS"}}
[debug] [2020-09-11T22:57:41.294Z] [runtime-status] [3208] Attempting to listen to socketPath: \\?\pipe\H:\React Protfolio\amazon_clone\functions\3208 {"metadata":{"emulator":{"name":"functions"},"function":{"name":"api"},"message":"[runtime-status] [3208] Attempting to listen to socketPath: \\\\?\\pipe\\H:\\React Protfolio\\amazon_clone\\functions\\3208"}}
[debug] [2020-09-11T22:57:41.295Z] [functions] Runtime ready! Sending request! {"metadata":{"emulator":{"name":"functions"},"message":"[functions] Runtime ready! Sending request!"}}
[debug] [2020-09-11T22:57:41.304Z] [runtime-status] [3208] Ephemeral server handling POST request {"metadata":{"emulator":{"name":"functions"},"function":{"name":"api"},"message":"[runtime-status] [3208] Ephemeral server handling POST request"}}
[debug] [2020-09-11T22:57:41.306Z] [runtime-status] [3208] Ephemeral server survived. {"metadata":{"emulator":{"name":"functions"},"function":{"name":"api"},"message":"[runtime-status] [3208] Ephemeral server survived."}}
[info] >  Payment Request Recieved BOOM!!! for this amount >>>  0 {"user":"Payment Request Recieved BOOM!!! for this amount >>>  0","metadata":{"emulator":{"name":"functions"},"function":{"name":"api"},"message":"\u001b[90m> \u001b[39m Payment Request Recieved BOOM!!! for this amount >>>  0"}}
[info] >  (node:3208) UnhandledPromiseRejectionWarning: Error: This value must be greater than or equal to 1. {"user":"(node:3208) UnhandledPromiseRejectionWarning: Error: This value must be greater than or equal to 1.","metadata":{"emulator":{"name":"functions"},"function":{"name":"api"},"message":"\u001b[90m> \u001b[39m (node:3208) UnhandledPromiseRejectionWarning: Error: This value must be greater than or equal to 1."}}
[info] >      at Function.generate (H:\React Protfolio\amazon_clone\functions\node_modules\stripe\lib\Error.js:39:16) {"user":"    at Function.generate (H:\\React Protfolio\\amazon_clone\\functions\\node_modules\\stripe\\lib\\Error.js:39:16)","metadata":{"emulator":{"name":"functions"},"function":{"name":"api"},"message":"\u001b[90m> \u001b[39m     at Function.generate (H:\\React Protfolio\\amazon_clone\\functions\\node_modules\\stripe\\lib\\Error.js:39:16)"}}
[info] >      at IncomingMessage.<anonymous> (H:\React Protfolio\amazon_clone\functions\node_modules\stripe\lib\StripeResource.js:190:33) {"user":"    at IncomingMessage.<anonymous> (H:\\React Protfolio\\amazon_clone\\functions\\node_modules\\stripe\\lib\\StripeResource.js:190:33)","metadata":{"emulator":{"name":"functions"},"function":{"name":"api"},"message":"\u001b[90m> \u001b[39m     at IncomingMessage.<anonymous> (H:\\React Protfolio\\amazon_clone\\functions\\node_modules\\stripe\\lib\\StripeResource.js:190:33)"}}
[info] >      at Object.onceWrapper (events.js:421:28) {"user":"    at Object.onceWrapper (events.js:421:28)","metadata":{"emulator":{"name":"functions"},"function":{"name":"api"},"message":"\u001b[90m> \u001b[39m     at Object.onceWrapper (events.js:421:28)"}}
[info] >      at IncomingMessage.emit (events.js:327:22) {"user":"    at IncomingMessage.emit (events.js:327:22)","metadata":{"emulator":{"name":"functions"},"function":{"name":"api"},"message":"\u001b[90m> \u001b[39m     at IncomingMessage.emit (events.js:327:22)"}}
[info] >      at endReadableNT (_stream_readable.js:1221:12) {"user":"    at endReadableNT (_stream_readable.js:1221:12)","metadata":{"emulator":{"name":"functions"},"function":{"name":"api"},"message":"\u001b[90m> \u001b[39m     at endReadableNT (_stream_readable.js:1221:12)"}}
[info] >      at processTicksAndRejections (internal/process/task_queues.js:84:21) {"user":"    at processTicksAndRejections (internal/process/task_queues.js:84:21)","metadata":{"emulator":{"name":"functions"},"function":{"name":"api"},"message":"\u001b[90m> \u001b[39m     at processTicksAndRejections (internal/process/task_queues.js:84:21)"}}
[info] >  (node:3208) UnhandledPromiseRejectionWarning: Unhandled promise rejection. This error originated either by throwing inside of an async function without a catch block, or by rejecting a promise which was not handled with .catch(). To terminate the node process on unhandled promise rejection, use the CLI flag `--unhandled-rejections=strict` (see https://nodejs.org/api/cli.html#cli_unhandled_rejections_mode). (rejection id: 1) {"user":"(node:3208) UnhandledPromiseRejectionWarning: Unhandled promise rejection. This error originated either by throwing inside of an async function without a catch block, or by rejecting a promise which was not handled with .catch(). To terminate the node process on unhandled promise rejection, use the CLI flag `--unhandled-rejections=strict` (see https://nodejs.org/api/cli.html#cli_unhandled_rejections_mode). (rejection id: 1)","metadata":{"emulator":{"name":"functions"},"function":{"name":"api"},"message":"\u001b[90m> \u001b[39m (node:3208) UnhandledPromiseRejectionWarning: Unhandled promise rejection. This error originated either by throwing inside of an async function without a catch block, or by rejecting a promise which was not handled with .catch(). To terminate the node process on unhandled promise rejection, use the CLI flag `--unhandled-rejections=strict` (see https://nodejs.org/api/cli.html#cli_unhandled_rejections_mode). (rejection id: 1)"}}
[info] >  (node:3208) [DEP0018] DeprecationWarning: Unhandled promise rejections are deprecated. In the future, promise rejections that are not handled will terminate the Node.js process with a non-zero exit code. {"user":"(node:3208) [DEP0018] DeprecationWarning: Unhandled promise rejections are deprecated. In the future, promise rejections that are not handled will terminate the Node.js process with a non-zero exit code.","metadata":{"emulator":{"name":"functions"},"function":{"name":"api"},"message":"\u001b[90m> \u001b[39m (node:3208) [DEP0018] DeprecationWarning: Unhandled promise rejections are deprecated. In the future, promise rejections that are not handled will terminate the Node.js process with a non-zero exit code."}}
[warn] !  functions: Your function timed out after ~60s. To configure this timeout, see
      https://firebase.google.com/docs/functions/manage-functions#set_timeout_and_memory_allocation. {"metadata":{"emulator":{"name":"functions"},"function":{"name":"api"},"message":"Your function timed out after ~60s. To configure this timeout, see\n      https://firebase.google.com/docs/functions/manage-functions#set_timeout_and_memory_allocation."}}
[info] >  C:\Users\Numan\AppData\Roaming\npm\node_modules\firebase-tools\lib\emulator\functionsEmulatorRuntime.js:642 {"user":"C:\\Users\\Numan\\AppData\\Roaming\\npm\\node_modules\\firebase-tools\\lib\\emulator\\functionsEmulatorRuntime.js:642\r","metadata":{"emulator":{"name":"functions"},"function":{"name":"api"},"message":"\u001b[90m> \u001b[39m C:\\Users\\Numan\\AppData\\Roaming\\npm\\node_modules\\firebase-tools\\lib\\emulator\\functionsEmulatorRuntime.js:642\r"}}
[info] >                  throw new Error("Function timed out."); {"user":"                throw new Error(\"Function timed out.\");\r","metadata":{"emulator":{"name":"functions"},"function":{"name":"api"},"message":"\u001b[90m> \u001b[39m                 throw new Error(\"Function timed out.\");\r"}}
[info] >                  ^ {"user":"                ^\r","metadata":{"emulator":{"name":"functions"},"function":{"name":"api"},"message":"\u001b[90m> \u001b[39m                 ^\r"}}
[info] >   {"user":"\r","metadata":{"emulator":{"name":"functions"},"function":{"name":"api"},"message":"\u001b[90m> \u001b[39m \r"}}
[info] >  Error: Function timed out. {"user":"Error: Function timed out.\r","metadata":{"emulator":{"name":"functions"},"function":{"name":"api"},"message":"\u001b[90m> \u001b[39m Error: Function timed out.\r"}}
[info] >      at Timeout._onTimeout (C:\Users\Numan\AppData\Roaming\npm\node_modules\firebase-tools\lib\emulator\functionsEmulatorRuntime.js:642:23) {"user":"    at Timeout._onTimeout (C:\\Users\\Numan\\AppData\\Roaming\\npm\\node_modules\\firebase-tools\\lib\\emulator\\functionsEmulatorRuntime.js:642:23)\r","metadata":{"emulator":{"name":"functions"},"function":{"name":"api"},"message":"\u001b[90m> \u001b[39m     at Timeout._onTimeout (C:\\Users\\Numan\\AppData\\Roaming\\npm\\node_modules\\firebase-tools\\lib\\emulator\\functionsEmulatorRuntime.js:642:23)\r"}}
[info] >      at listOnTimeout (internal/timers.js:549:17) {"user":"    at listOnTimeout (internal/timers.js:549:17)\r","metadata":{"emulator":{"name":"functions"},"function":{"name":"api"},"message":"\u001b[90m> \u001b[39m     at listOnTimeout (internal/timers.js:549:17)\r"}}
[info] >      at processTimers (internal/timers.js:492:7) {"user":"    at processTimers (internal/timers.js:492:7)\r","metadata":{"emulator":{"name":"functions"},"function":{"name":"api"},"message":"\u001b[90m> \u001b[39m     at processTimers (internal/timers.js:492:7)\r"}}
[debug] [2020-09-11T22:58:41.497Z] [worker-api-62ed439c-a4e2-4b9f-a40d-6f8476501d8f]: exited {"metadata":{"emulator":{"name":"functions"},"message":"[worker-api-62ed439c-a4e2-4b9f-a40d-6f8476501d8f]: exited"}}
[debug] [2020-09-11T22:58:41.498Z] [worker-api-62ed439c-a4e2-4b9f-a40d-6f8476501d8f]: FINISHED {"metadata":{"emulator":{"name":"functions"},"message":"[worker-api-62ed439c-a4e2-4b9f-a40d-6f8476501d8f]: FINISHED"}}
[debug] [2020-09-11T22:58:41.498Z] [work-queue] {"queueLength":0,"workRunningCount":0}
[debug] [2020-09-12T00:08:40.053Z] [work-queue] {"queueLength":1,"workRunningCount":0}
[debug] [2020-09-12T00:08:40.054Z] [work-queue] {"queueLength":0,"workRunningCount":1}
[debug] [2020-09-12T00:08:40.054Z] Accepted request POST /clone-81330/us-central1/api/payments/create?total=49798 --> api
[debug] [2020-09-12T00:08:40.055Z] [worker-pool] Cleaned up workers for api: 1 --> 0 {"metadata":{"emulator":{"name":"functions"},"message":"[worker-pool] Cleaned up workers for api: 1 --> 0"}}
[debug] [2020-09-12T00:08:40.206Z] [worker-pool] addWorker(api) {"metadata":{"emulator":{"name":"functions"},"message":"[worker-pool] addWorker(api)"}}
[debug] [2020-09-12T00:08:40.207Z] [worker-pool] Adding worker with key api, total=1 {"metadata":{"emulator":{"name":"functions"},"message":"[worker-pool] Adding worker with key api, total=1"}}
[debug] [2020-09-12T00:08:40.207Z] [worker-pool] submitWork(triggerId=api) {"metadata":{"emulator":{"name":"functions"},"message":"[worker-pool] submitWork(triggerId=api)"}}
[debug] [2020-09-12T00:08:40.208Z] [worker-api-b4d672b7-7c92-4ef2-b075-7dae9d8aaece]: Assigning socketPath: \\?\pipe\H:\React Protfolio\amazon_clone\functions\4044 {"metadata":{"emulator":{"name":"functions"},"message":"[worker-api-b4d672b7-7c92-4ef2-b075-7dae9d8aaece]: Assigning socketPath: \\\\?\\pipe\\H:\\React Protfolio\\amazon_clone\\functions\\4044"}}
[debug] [2020-09-12T00:08:40.208Z] [worker-api-b4d672b7-7c92-4ef2-b075-7dae9d8aaece]: BUSY {"metadata":{"emulator":{"name":"functions"},"message":"[worker-api-b4d672b7-7c92-4ef2-b075-7dae9d8aaece]: BUSY"}}
[debug] [2020-09-12T00:08:49.296Z] [runtime-status] [4044] Functions runtime initialized. {"cwd":"H:\\React Protfolio\\amazon_clone\\functions","node_version":"12.18.2"} {"metadata":{"emulator":{"name":"functions"},"function":{"name":"api"},"message":"[runtime-status] [4044] Functions runtime initialized. {\"cwd\":\"H:\\\\React Protfolio\\\\amazon_clone\\\\functions\",\"node_version\":\"12.18.2\"}"}}
[debug] [2020-09-12T00:08:49.318Z] [runtime-status] [4044] Disabled runtime features: undefined {"metadata":{"emulator":{"name":"functions"},"function":{"name":"api"},"message":"[runtime-status] [4044] Disabled runtime features: undefined"}}
[debug] [2020-09-12T00:08:49.403Z] [runtime-status] [4044] Resolved module firebase-admin {"declared":true,"installed":true,"version":"8.13.0","resolution":"H:\\React Protfolio\\amazon_clone\\functions\\node_modules\\firebase-admin\\lib\\index.js"} {"metadata":{"emulator":{"name":"functions"},"function":{"name":"api"},"message":"[runtime-status] [4044] Resolved module firebase-admin {\"declared\":true,\"installed\":true,\"version\":\"8.13.0\",\"resolution\":\"H:\\\\React Protfolio\\\\amazon_clone\\\\functions\\\\node_modules\\\\firebase-admin\\\\lib\\\\index.js\"}"}}
[debug] [2020-09-12T00:08:49.411Z] [runtime-status] [4044] Resolved module firebase-functions {"declared":true,"installed":true,"version":"3.11.0","resolution":"H:\\React Protfolio\\amazon_clone\\functions\\node_modules\\firebase-functions\\lib\\index.js"} {"metadata":{"emulator":{"name":"functions"},"function":{"name":"api"},"message":"[runtime-status] [4044] Resolved module firebase-functions {\"declared\":true,\"installed\":true,\"version\":\"3.11.0\",\"resolution\":\"H:\\\\React Protfolio\\\\amazon_clone\\\\functions\\\\node_modules\\\\firebase-functions\\\\lib\\\\index.js\"}"}}
[debug] [2020-09-12T00:08:49.412Z] [runtime-status] [4044] Resolved module firebase-functions {"declared":true,"installed":true,"version":"3.11.0","resolution":"H:\\React Protfolio\\amazon_clone\\functions\\node_modules\\firebase-functions\\lib\\index.js"} {"metadata":{"emulator":{"name":"functions"},"function":{"name":"api"},"message":"[runtime-status] [4044] Resolved module firebase-functions {\"declared\":true,\"installed\":true,\"version\":\"3.11.0\",\"resolution\":\"H:\\\\React Protfolio\\\\amazon_clone\\\\functions\\\\node_modules\\\\firebase-functions\\\\lib\\\\index.js\"}"}}
[debug] [2020-09-12T00:08:49.414Z] [runtime-status] [4044] Outgoing network have been stubbed. [{"name":"http","status":"mocked"},{"name":"http","status":"mocked"},{"name":"https","status":"mocked"},{"name":"https","status":"mocked"},{"name":"net","status":"mocked"}] {"metadata":{"emulator":{"name":"functions"},"function":{"name":"api"},"message":"[runtime-status] [4044] Outgoing network have been stubbed. [{\"name\":\"http\",\"status\":\"mocked\"},{\"name\":\"http\",\"status\":\"mocked\"},{\"name\":\"https\",\"status\":\"mocked\"},{\"name\":\"https\",\"status\":\"mocked\"},{\"name\":\"net\",\"status\":\"mocked\"}]"}}
[debug] [2020-09-12T00:08:49.415Z] [runtime-status] [4044] Resolved module firebase-functions {"declared":true,"installed":true,"version":"3.11.0","resolution":"H:\\React Protfolio\\amazon_clone\\functions\\node_modules\\firebase-functions\\lib\\index.js"} {"metadata":{"emulator":{"name":"functions"},"function":{"name":"api"},"message":"[runtime-status] [4044] Resolved module firebase-functions {\"declared\":true,\"installed\":true,\"version\":\"3.11.0\",\"resolution\":\"H:\\\\React Protfolio\\\\amazon_clone\\\\functions\\\\node_modules\\\\firebase-functions\\\\lib\\\\index.js\"}"}}
[debug] [2020-09-12T00:08:49.939Z] [runtime-status] [4044] Checked functions.config() {"config":{}} {"metadata":{"emulator":{"name":"functions"},"function":{"name":"api"},"message":"[runtime-status] [4044] Checked functions.config() {\"config\":{}}"}}
[debug] [2020-09-12T00:08:49.939Z] [runtime-status] [4044] firebase-functions has been stubbed. {"functionsResolution":{"declared":true,"installed":true,"version":"3.11.0","resolution":"H:\\React Protfolio\\amazon_clone\\functions\\node_modules\\firebase-functions\\lib\\index.js"}} {"metadata":{"emulator":{"name":"functions"},"function":{"name":"api"},"message":"[runtime-status] [4044] firebase-functions has been stubbed. {\"functionsResolution\":{\"declared\":true,\"installed\":true,\"version\":\"3.11.0\",\"resolution\":\"H:\\\\React Protfolio\\\\amazon_clone\\\\functions\\\\node_modules\\\\firebase-functions\\\\lib\\\\index.js\"}}"}}
[debug] [2020-09-12T00:08:49.952Z] [runtime-status] [4044] Resolved module firebase-functions {"declared":true,"installed":true,"version":"3.11.0","resolution":"H:\\React Protfolio\\amazon_clone\\functions\\node_modules\\firebase-functions\\lib\\index.js"} {"metadata":{"emulator":{"name":"functions"},"function":{"name":"api"},"message":"[runtime-status] [4044] Resolved module firebase-functions {\"declared\":true,\"installed\":true,\"version\":\"3.11.0\",\"resolution\":\"H:\\\\React Protfolio\\\\amazon_clone\\\\functions\\\\node_modules\\\\firebase-functions\\\\lib\\\\index.js\"}"}}
[debug] [2020-09-12T00:08:49.952Z] [runtime-status] [4044] Resolved module firebase-admin {"declared":true,"installed":true,"version":"8.13.0","resolution":"H:\\React Protfolio\\amazon_clone\\functions\\node_modules\\firebase-admin\\lib\\index.js"} {"metadata":{"emulator":{"name":"functions"},"function":{"name":"api"},"message":"[runtime-status] [4044] Resolved module firebase-admin {\"declared\":true,\"installed\":true,\"version\":\"8.13.0\",\"resolution\":\"H:\\\\React Protfolio\\\\amazon_clone\\\\functions\\\\node_modules\\\\firebase-admin\\\\lib\\\\index.js\"}"}}
[debug] [2020-09-12T00:08:49.984Z] [runtime-status] [4044] Resolved module firebase-functions {"declared":true,"installed":true,"version":"3.11.0","resolution":"H:\\React Protfolio\\amazon_clone\\functions\\node_modules\\firebase-functions\\lib\\index.js"} {"metadata":{"emulator":{"name":"functions"},"function":{"name":"api"},"message":"[runtime-status] [4044] Resolved module firebase-functions {\"declared\":true,\"installed\":true,\"version\":\"3.11.0\",\"resolution\":\"H:\\\\React Protfolio\\\\amazon_clone\\\\functions\\\\node_modules\\\\firebase-functions\\\\lib\\\\index.js\"}"}}
[debug] [2020-09-12T00:08:49.985Z] [runtime-status] [4044] firebase-admin has been stubbed. {"adminResolution":{"declared":true,"installed":true,"version":"8.13.0","resolution":"H:\\React Protfolio\\amazon_clone\\functions\\node_modules\\firebase-admin\\lib\\index.js"}} {"metadata":{"emulator":{"name":"functions"},"function":{"name":"api"},"message":"[runtime-status] [4044] firebase-admin has been stubbed. {\"adminResolution\":{\"declared\":true,\"installed\":true,\"version\":\"8.13.0\",\"resolution\":\"H:\\\\React Protfolio\\\\amazon_clone\\\\functions\\\\node_modules\\\\firebase-admin\\\\lib\\\\index.js\"}}"}}
[debug] [2020-09-12T00:08:52.157Z] [runtime-status] [4044] Trigger "api" has been found, beginning invocation! {"metadata":{"emulator":{"name":"functions"},"function":{"name":"api"},"message":"[runtime-status] [4044] Trigger \"api\" has been found, beginning invocation!"}}
[info] i  functions: Beginning execution of "api" {"metadata":{"emulator":{"name":"functions"},"function":{"name":"api"},"message":"Beginning execution of \"api\""}}
[debug] [2020-09-12T00:08:52.187Z] [runtime-status] [4044] triggerDefinition {"httpsTrigger":{},"name":"api","entryPoint":"api"} {"metadata":{"emulator":{"name":"functions"},"function":{"name":"api"},"message":"[runtime-status] [4044] triggerDefinition {\"httpsTrigger\":{},\"name\":\"api\",\"entryPoint\":\"api\"}"}}
[debug] [2020-09-12T00:08:52.187Z] [runtime-status] [4044] Running api in mode HTTPS {"metadata":{"emulator":{"name":"functions"},"function":{"name":"api"},"message":"[runtime-status] [4044] Running api in mode HTTPS"}}
[debug] [2020-09-12T00:08:52.188Z] [runtime-status] [4044] Attempting to listen to socketPath: \\?\pipe\H:\React Protfolio\amazon_clone\functions\4044 {"metadata":{"emulator":{"name":"functions"},"function":{"name":"api"},"message":"[runtime-status] [4044] Attempting to listen to socketPath: \\\\?\\pipe\\H:\\React Protfolio\\amazon_clone\\functions\\4044"}}
[debug] [2020-09-12T00:08:52.230Z] [functions] Runtime ready! Sending request! {"metadata":{"emulator":{"name":"functions"},"message":"[functions] Runtime ready! Sending request!"}}
[debug] [2020-09-12T00:08:52.760Z] [runtime-status] [4044] Ephemeral server handling POST request {"metadata":{"emulator":{"name":"functions"},"function":{"name":"api"},"message":"[runtime-status] [4044] Ephemeral server handling POST request"}}
[info] >  Payment Request Recieved BOOM!!! for this amount >>>  49798 {"user":"Payment Request Recieved BOOM!!! for this amount >>>  49798","metadata":{"emulator":{"name":"functions"},"function":{"name":"api"},"message":"\u001b[90m> \u001b[39m Payment Request Recieved BOOM!!! for this amount >>>  49798"}}
[debug] [2020-09-12T00:08:52.822Z] [runtime-status] [4044] Ephemeral server survived. {"metadata":{"emulator":{"name":"functions"},"function":{"name":"api"},"message":"[runtime-status] [4044] Ephemeral server survived."}}
[info] i  functions: Finished "api" in ~2s {"metadata":{"emulator":{"name":"functions"},"function":{"name":"api"},"message":"Finished \"api\" in ~2s"}}
[debug] [2020-09-12T00:08:55.197Z] [worker-api-b4d672b7-7c92-4ef2-b075-7dae9d8aaece]: IDLE {"metadata":{"emulator":{"name":"functions"},"message":"[worker-api-b4d672b7-7c92-4ef2-b075-7dae9d8aaece]: IDLE"}}
[debug] [2020-09-12T00:08:55.198Z] [work-queue] {"queueLength":0,"workRunningCount":0}
[debug] [2020-09-12T00:08:58.875Z] [work-queue] {"queueLength":1,"workRunningCount":0}
[debug] [2020-09-12T00:08:58.876Z] [work-queue] {"queueLength":0,"workRunningCount":1}
[debug] [2020-09-12T00:08:58.876Z] Accepted request POST /clone-81330/us-central1/api/payments/create?total=0 --> api
[debug] [2020-09-12T00:08:58.876Z] [worker-pool] submitWork(triggerId=api) {"metadata":{"emulator":{"name":"functions"},"message":"[worker-pool] submitWork(triggerId=api)"}}
[debug] [2020-09-12T00:08:58.876Z] [worker-api-b4d672b7-7c92-4ef2-b075-7dae9d8aaece]: Assigning socketPath: \\?\pipe\H:\React Protfolio\amazon_clone\functions\4044 {"metadata":{"emulator":{"name":"functions"},"message":"[worker-api-b4d672b7-7c92-4ef2-b075-7dae9d8aaece]: Assigning socketPath: \\\\?\\pipe\\H:\\React Protfolio\\amazon_clone\\functions\\4044"}}
[debug] [2020-09-12T00:08:58.876Z] [worker-api-b4d672b7-7c92-4ef2-b075-7dae9d8aaece]: BUSY {"metadata":{"emulator":{"name":"functions"},"message":"[worker-api-b4d672b7-7c92-4ef2-b075-7dae9d8aaece]: BUSY"}}
[debug] [2020-09-12T00:08:58.880Z] [runtime-status] [4044] Trigger "api" has been found, beginning invocation! {"metadata":{"emulator":{"name":"functions"},"function":{"name":"api"},"message":"[runtime-status] [4044] Trigger \"api\" has been found, beginning invocation!"}}
[info] i  functions: Beginning execution of "api" {"metadata":{"emulator":{"name":"functions"},"function":{"name":"api"},"message":"Beginning execution of \"api\""}}
[debug] [2020-09-12T00:08:58.888Z] [runtime-status] [4044] triggerDefinition {"httpsTrigger":{},"name":"api","entryPoint":"api"} {"metadata":{"emulator":{"name":"functions"},"function":{"name":"api"},"message":"[runtime-status] [4044] triggerDefinition {\"httpsTrigger\":{},\"name\":\"api\",\"entryPoint\":\"api\"}"}}
[debug] [2020-09-12T00:08:58.888Z] [runtime-status] [4044] Running api in mode HTTPS {"metadata":{"emulator":{"name":"functions"},"function":{"name":"api"},"message":"[runtime-status] [4044] Running api in mode HTTPS"}}
[debug] [2020-09-12T00:08:58.888Z] [runtime-status] [4044] Attempting to listen to socketPath: \\?\pipe\H:\React Protfolio\amazon_clone\functions\4044 {"metadata":{"emulator":{"name":"functions"},"function":{"name":"api"},"message":"[runtime-status] [4044] Attempting to listen to socketPath: \\\\?\\pipe\\H:\\React Protfolio\\amazon_clone\\functions\\4044"}}
[debug] [2020-09-12T00:08:58.889Z] [functions] Runtime ready! Sending request! {"metadata":{"emulator":{"name":"functions"},"message":"[functions] Runtime ready! Sending request!"}}
[debug] [2020-09-12T00:08:58.897Z] [runtime-status] [4044] Ephemeral server handling POST request {"metadata":{"emulator":{"name":"functions"},"function":{"name":"api"},"message":"[runtime-status] [4044] Ephemeral server handling POST request"}}
[debug] [2020-09-12T00:08:58.897Z] [runtime-status] [4044] Ephemeral server survived. {"metadata":{"emulator":{"name":"functions"},"function":{"name":"api"},"message":"[runtime-status] [4044] Ephemeral server survived."}}
[info] >  Payment Request Recieved BOOM!!! for this amount >>>  0 {"user":"Payment Request Recieved BOOM!!! for this amount >>>  0","metadata":{"emulator":{"name":"functions"},"function":{"name":"api"},"message":"\u001b[90m> \u001b[39m Payment Request Recieved BOOM!!! for this amount >>>  0"}}
[info] >  (node:4044) UnhandledPromiseRejectionWarning: Error: This value must be greater than or equal to 1. {"user":"(node:4044) UnhandledPromiseRejectionWarning: Error: This value must be greater than or equal to 1.","metadata":{"emulator":{"name":"functions"},"function":{"name":"api"},"message":"\u001b[90m> \u001b[39m (node:4044) UnhandledPromiseRejectionWarning: Error: This value must be greater than or equal to 1."}}
[info] >      at Function.generate (H:\React Protfolio\amazon_clone\functions\node_modules\stripe\lib\Error.js:39:16) {"user":"    at Function.generate (H:\\React Protfolio\\amazon_clone\\functions\\node_modules\\stripe\\lib\\Error.js:39:16)","metadata":{"emulator":{"name":"functions"},"function":{"name":"api"},"message":"\u001b[90m> \u001b[39m     at Function.generate (H:\\React Protfolio\\amazon_clone\\functions\\node_modules\\stripe\\lib\\Error.js:39:16)"}}
[info] >      at IncomingMessage.<anonymous> (H:\React Protfolio\amazon_clone\functions\node_modules\stripe\lib\StripeResource.js:190:33) {"user":"    at IncomingMessage.<anonymous> (H:\\React Protfolio\\amazon_clone\\functions\\node_modules\\stripe\\lib\\StripeResource.js:190:33)","metadata":{"emulator":{"name":"functions"},"function":{"name":"api"},"message":"\u001b[90m> \u001b[39m     at IncomingMessage.<anonymous> (H:\\React Protfolio\\amazon_clone\\functions\\node_modules\\stripe\\lib\\StripeResource.js:190:33)"}}
[info] >      at Object.onceWrapper (events.js:421:28) {"user":"    at Object.onceWrapper (events.js:421:28)","metadata":{"emulator":{"name":"functions"},"function":{"name":"api"},"message":"\u001b[90m> \u001b[39m     at Object.onceWrapper (events.js:421:28)"}}
[info] >      at IncomingMessage.emit (events.js:327:22) {"user":"    at IncomingMessage.emit (events.js:327:22)","metadata":{"emulator":{"name":"functions"},"function":{"name":"api"},"message":"\u001b[90m> \u001b[39m     at IncomingMessage.emit (events.js:327:22)"}}
[info] >      at endReadableNT (_stream_readable.js:1221:12) {"user":"    at endReadableNT (_stream_readable.js:1221:12)","metadata":{"emulator":{"name":"functions"},"function":{"name":"api"},"message":"\u001b[90m> \u001b[39m     at endReadableNT (_stream_readable.js:1221:12)"}}
[info] >      at processTicksAndRejections (internal/process/task_queues.js:84:21) {"user":"    at processTicksAndRejections (internal/process/task_queues.js:84:21)","metadata":{"emulator":{"name":"functions"},"function":{"name":"api"},"message":"\u001b[90m> \u001b[39m     at processTicksAndRejections (internal/process/task_queues.js:84:21)"}}
[info] >  (node:4044) UnhandledPromiseRejectionWarning: Unhandled promise rejection. This error originated either by throwing inside of an async function without a catch block, or by rejecting a promise which was not handled with .catch(). To terminate the node process on unhandled promise rejection, use the CLI flag `--unhandled-rejections=strict` (see https://nodejs.org/api/cli.html#cli_unhandled_rejections_mode). (rejection id: 1) {"user":"(node:4044) UnhandledPromiseRejectionWarning: Unhandled promise rejection. This error originated either by throwing inside of an async function without a catch block, or by rejecting a promise which was not handled with .catch(). To terminate the node process on unhandled promise rejection, use the CLI flag `--unhandled-rejections=strict` (see https://nodejs.org/api/cli.html#cli_unhandled_rejections_mode). (rejection id: 1)","metadata":{"emulator":{"name":"functions"},"function":{"name":"api"},"message":"\u001b[90m> \u001b[39m (node:4044) UnhandledPromiseRejectionWarning: Unhandled promise rejection. This error originated either by throwing inside of an async function without a catch block, or by rejecting a promise which was not handled with .catch(). To terminate the node process on unhandled promise rejection, use the CLI flag `--unhandled-rejections=strict` (see https://nodejs.org/api/cli.html#cli_unhandled_rejections_mode). (rejection id: 1)"}}
[info] >  (node:4044) [DEP0018] DeprecationWarning: Unhandled promise rejections are deprecated. In the future, promise rejections that are not handled will terminate the Node.js process with a non-zero exit code. {"user":"(node:4044) [DEP0018] DeprecationWarning: Unhandled promise rejections are deprecated. In the future, promise rejections that are not handled will terminate the Node.js process with a non-zero exit code.","metadata":{"emulator":{"name":"functions"},"function":{"name":"api"},"message":"\u001b[90m> \u001b[39m (node:4044) [DEP0018] DeprecationWarning: Unhandled promise rejections are deprecated. In the future, promise rejections that are not handled will terminate the Node.js process with a non-zero exit code."}}
[warn] !  functions: Your function timed out after ~60s. To configure this timeout, see
      https://firebase.google.com/docs/functions/manage-functions#set_timeout_and_memory_allocation. {"metadata":{"emulator":{"name":"functions"},"function":{"name":"api"},"message":"Your function timed out after ~60s. To configure this timeout, see\n      https://firebase.google.com/docs/functions/manage-functions#set_timeout_and_memory_allocation."}}
[info] >  C:\Users\Numan\AppData\Roaming\npm\node_modules\firebase-tools\lib\emulator\functionsEmulatorRuntime.js:642 {"user":"C:\\Users\\Numan\\AppData\\Roaming\\npm\\node_modules\\firebase-tools\\lib\\emulator\\functionsEmulatorRuntime.js:642\r","metadata":{"emulator":{"name":"functions"},"function":{"name":"api"},"message":"\u001b[90m> \u001b[39m C:\\Users\\Numan\\AppData\\Roaming\\npm\\node_modules\\firebase-tools\\lib\\emulator\\functionsEmulatorRuntime.js:642\r"}}
[info] >                  throw new Error("Function timed out."); {"user":"                throw new Error(\"Function timed out.\");\r","metadata":{"emulator":{"name":"functions"},"function":{"name":"api"},"message":"\u001b[90m> \u001b[39m                 throw new Error(\"Function timed out.\");\r"}}
[info] >                  ^ {"user":"                ^\r","metadata":{"emulator":{"name":"functions"},"function":{"name":"api"},"message":"\u001b[90m> \u001b[39m                 ^\r"}}
[info] >   {"user":"\r","metadata":{"emulator":{"name":"functions"},"function":{"name":"api"},"message":"\u001b[90m> \u001b[39m \r"}}
[info] >  Error: Function timed out. {"user":"Error: Function timed out.\r","metadata":{"emulator":{"name":"functions"},"function":{"name":"api"},"message":"\u001b[90m> \u001b[39m Error: Function timed out.\r"}}
[info] >      at Timeout._onTimeout (C:\Users\Numan\AppData\Roaming\npm\node_modules\firebase-tools\lib\emulator\functionsEmulatorRuntime.js:642:23) {"user":"    at Timeout._onTimeout (C:\\Users\\Numan\\AppData\\Roaming\\npm\\node_modules\\firebase-tools\\lib\\emulator\\functionsEmulatorRuntime.js:642:23)\r","metadata":{"emulator":{"name":"functions"},"function":{"name":"api"},"message":"\u001b[90m> \u001b[39m     at Timeout._onTimeout (C:\\Users\\Numan\\AppData\\Roaming\\npm\\node_modules\\firebase-tools\\lib\\emulator\\functionsEmulatorRuntime.js:642:23)\r"}}
[info] >      at listOnTimeout (internal/timers.js:549:17) {"user":"    at listOnTimeout (internal/timers.js:549:17)\r","metadata":{"emulator":{"name":"functions"},"function":{"name":"api"},"message":"\u001b[90m> \u001b[39m     at listOnTimeout (internal/timers.js:549:17)\r"}}
[info] >      at processTimers (internal/timers.js:492:7) {"user":"    at processTimers (internal/timers.js:492:7)\r","metadata":{"emulator":{"name":"functions"},"function":{"name":"api"},"message":"\u001b[90m> \u001b[39m     at processTimers (internal/timers.js:492:7)\r"}}
[debug] [2020-09-12T00:09:59.008Z] [worker-api-b4d672b7-7c92-4ef2-b075-7dae9d8aaece]: exited {"metadata":{"emulator":{"name":"functions"},"message":"[worker-api-b4d672b7-7c92-4ef2-b075-7dae9d8aaece]: exited"}}
[debug] [2020-09-12T00:09:59.009Z] [worker-api-b4d672b7-7c92-4ef2-b075-7dae9d8aaece]: FINISHED {"metadata":{"emulator":{"name":"functions"},"message":"[worker-api-b4d672b7-7c92-4ef2-b075-7dae9d8aaece]: FINISHED"}}
[debug] [2020-09-12T00:09:59.009Z] [work-queue] {"queueLength":0,"workRunningCount":0}
[debug] [2020-09-12T00:13:45.043Z] [work-queue] {"queueLength":1,"workRunningCount":0}
[debug] [2020-09-12T00:13:45.044Z] [work-queue] {"queueLength":0,"workRunningCount":1}
[debug] [2020-09-12T00:13:45.044Z] Accepted request POST /clone-81330/us-central1/api/payments/create?total=68210 --> api
[debug] [2020-09-12T00:13:45.044Z] [worker-pool] Cleaned up workers for api: 1 --> 0 {"metadata":{"emulator":{"name":"functions"},"message":"[worker-pool] Cleaned up workers for api: 1 --> 0"}}
[debug] [2020-09-12T00:13:45.102Z] [worker-pool] addWorker(api) {"metadata":{"emulator":{"name":"functions"},"message":"[worker-pool] addWorker(api)"}}
[debug] [2020-09-12T00:13:45.102Z] [worker-pool] Adding worker with key api, total=1 {"metadata":{"emulator":{"name":"functions"},"message":"[worker-pool] Adding worker with key api, total=1"}}
[debug] [2020-09-12T00:13:45.102Z] [worker-pool] submitWork(triggerId=api) {"metadata":{"emulator":{"name":"functions"},"message":"[worker-pool] submitWork(triggerId=api)"}}
[debug] [2020-09-12T00:13:45.102Z] [worker-api-ff3616dd-84b3-433f-b0f2-a287bb8f128a]: Assigning socketPath: \\?\pipe\H:\React Protfolio\amazon_clone\functions\3452 {"metadata":{"emulator":{"name":"functions"},"message":"[worker-api-ff3616dd-84b3-433f-b0f2-a287bb8f128a]: Assigning socketPath: \\\\?\\pipe\\H:\\React Protfolio\\amazon_clone\\functions\\3452"}}
[debug] [2020-09-12T00:13:45.102Z] [worker-api-ff3616dd-84b3-433f-b0f2-a287bb8f128a]: BUSY {"metadata":{"emulator":{"name":"functions"},"message":"[worker-api-ff3616dd-84b3-433f-b0f2-a287bb8f128a]: BUSY"}}
[debug] [2020-09-12T00:13:46.286Z] [runtime-status] [3452] Functions runtime initialized. {"cwd":"H:\\React Protfolio\\amazon_clone\\functions","node_version":"12.18.2"} {"metadata":{"emulator":{"name":"functions"},"function":{"name":"api"},"message":"[runtime-status] [3452] Functions runtime initialized. {\"cwd\":\"H:\\\\React Protfolio\\\\amazon_clone\\\\functions\",\"node_version\":\"12.18.2\"}"}}
[debug] [2020-09-12T00:13:46.304Z] [runtime-status] [3452] Disabled runtime features: undefined {"metadata":{"emulator":{"name":"functions"},"function":{"name":"api"},"message":"[runtime-status] [3452] Disabled runtime features: undefined"}}
[debug] [2020-09-12T00:13:46.309Z] [runtime-status] [3452] Resolved module firebase-admin {"declared":true,"installed":true,"version":"8.13.0","resolution":"H:\\React Protfolio\\amazon_clone\\functions\\node_modules\\firebase-admin\\lib\\index.js"} {"metadata":{"emulator":{"name":"functions"},"function":{"name":"api"},"message":"[runtime-status] [3452] Resolved module firebase-admin {\"declared\":true,\"installed\":true,\"version\":\"8.13.0\",\"resolution\":\"H:\\\\React Protfolio\\\\amazon_clone\\\\functions\\\\node_modules\\\\firebase-admin\\\\lib\\\\index.js\"}"}}
[debug] [2020-09-12T00:13:46.320Z] [runtime-status] [3452] Resolved module firebase-functions {"declared":true,"installed":true,"version":"3.11.0","resolution":"H:\\React Protfolio\\amazon_clone\\functions\\node_modules\\firebase-functions\\lib\\index.js"} {"metadata":{"emulator":{"name":"functions"},"function":{"name":"api"},"message":"[runtime-status] [3452] Resolved module firebase-functions {\"declared\":true,\"installed\":true,\"version\":\"3.11.0\",\"resolution\":\"H:\\\\React Protfolio\\\\amazon_clone\\\\functions\\\\node_modules\\\\firebase-functions\\\\lib\\\\index.js\"}"}}
[debug] [2020-09-12T00:13:46.322Z] [runtime-status] [3452] Resolved module firebase-functions {"declared":true,"installed":true,"version":"3.11.0","resolution":"H:\\React Protfolio\\amazon_clone\\functions\\node_modules\\firebase-functions\\lib\\index.js"} {"metadata":{"emulator":{"name":"functions"},"function":{"name":"api"},"message":"[runtime-status] [3452] Resolved module firebase-functions {\"declared\":true,\"installed\":true,\"version\":\"3.11.0\",\"resolution\":\"H:\\\\React Protfolio\\\\amazon_clone\\\\functions\\\\node_modules\\\\firebase-functions\\\\lib\\\\index.js\"}"}}
[debug] [2020-09-12T00:13:46.327Z] [runtime-status] [3452] Outgoing network have been stubbed. [{"name":"http","status":"mocked"},{"name":"http","status":"mocked"},{"name":"https","status":"mocked"},{"name":"https","status":"mocked"},{"name":"net","status":"mocked"}] {"metadata":{"emulator":{"name":"functions"},"function":{"name":"api"},"message":"[runtime-status] [3452] Outgoing network have been stubbed. [{\"name\":\"http\",\"status\":\"mocked\"},{\"name\":\"http\",\"status\":\"mocked\"},{\"name\":\"https\",\"status\":\"mocked\"},{\"name\":\"https\",\"status\":\"mocked\"},{\"name\":\"net\",\"status\":\"mocked\"}]"}}
[debug] [2020-09-12T00:13:46.330Z] [runtime-status] [3452] Resolved module firebase-functions {"declared":true,"installed":true,"version":"3.11.0","resolution":"H:\\React Protfolio\\amazon_clone\\functions\\node_modules\\firebase-functions\\lib\\index.js"} {"metadata":{"emulator":{"name":"functions"},"function":{"name":"api"},"message":"[runtime-status] [3452] Resolved module firebase-functions {\"declared\":true,\"installed\":true,\"version\":\"3.11.0\",\"resolution\":\"H:\\\\React Protfolio\\\\amazon_clone\\\\functions\\\\node_modules\\\\firebase-functions\\\\lib\\\\index.js\"}"}}
[debug] [2020-09-12T00:13:46.402Z] [runtime-status] [3452] Checked functions.config() {"config":{}} {"metadata":{"emulator":{"name":"functions"},"function":{"name":"api"},"message":"[runtime-status] [3452] Checked functions.config() {\"config\":{}}"}}
[debug] [2020-09-12T00:13:46.403Z] [runtime-status] [3452] firebase-functions has been stubbed. {"functionsResolution":{"declared":true,"installed":true,"version":"3.11.0","resolution":"H:\\React Protfolio\\amazon_clone\\functions\\node_modules\\firebase-functions\\lib\\index.js"}} {"metadata":{"emulator":{"name":"functions"},"function":{"name":"api"},"message":"[runtime-status] [3452] firebase-functions has been stubbed. {\"functionsResolution\":{\"declared\":true,\"installed\":true,\"version\":\"3.11.0\",\"resolution\":\"H:\\\\React Protfolio\\\\amazon_clone\\\\functions\\\\node_modules\\\\firebase-functions\\\\lib\\\\index.js\"}}"}}
[debug] [2020-09-12T00:13:46.405Z] [runtime-status] [3452] Resolved module firebase-functions {"declared":true,"installed":true,"version":"3.11.0","resolution":"H:\\React Protfolio\\amazon_clone\\functions\\node_modules\\firebase-functions\\lib\\index.js"} {"metadata":{"emulator":{"name":"functions"},"function":{"name":"api"},"message":"[runtime-status] [3452] Resolved module firebase-functions {\"declared\":true,\"installed\":true,\"version\":\"3.11.0\",\"resolution\":\"H:\\\\React Protfolio\\\\amazon_clone\\\\functions\\\\node_modules\\\\firebase-functions\\\\lib\\\\index.js\"}"}}
[debug] [2020-09-12T00:13:46.407Z] [runtime-status] [3452] Resolved module firebase-admin {"declared":true,"installed":true,"version":"8.13.0","resolution":"H:\\React Protfolio\\amazon_clone\\functions\\node_modules\\firebase-admin\\lib\\index.js"} {"metadata":{"emulator":{"name":"functions"},"function":{"name":"api"},"message":"[runtime-status] [3452] Resolved module firebase-admin {\"declared\":true,\"installed\":true,\"version\":\"8.13.0\",\"resolution\":\"H:\\\\React Protfolio\\\\amazon_clone\\\\functions\\\\node_modules\\\\firebase-admin\\\\lib\\\\index.js\"}"}}
[debug] [2020-09-12T00:13:46.409Z] [runtime-status] [3452] Resolved module firebase-functions {"declared":true,"installed":true,"version":"3.11.0","resolution":"H:\\React Protfolio\\amazon_clone\\functions\\node_modules\\firebase-functions\\lib\\index.js"} {"metadata":{"emulator":{"name":"functions"},"function":{"name":"api"},"message":"[runtime-status] [3452] Resolved module firebase-functions {\"declared\":true,\"installed\":true,\"version\":\"3.11.0\",\"resolution\":\"H:\\\\React Protfolio\\\\amazon_clone\\\\functions\\\\node_modules\\\\firebase-functions\\\\lib\\\\index.js\"}"}}
[debug] [2020-09-12T00:13:46.409Z] [runtime-status] [3452] firebase-admin has been stubbed. {"adminResolution":{"declared":true,"installed":true,"version":"8.13.0","resolution":"H:\\React Protfolio\\amazon_clone\\functions\\node_modules\\firebase-admin\\lib\\index.js"}} {"metadata":{"emulator":{"name":"functions"},"function":{"name":"api"},"message":"[runtime-status] [3452] firebase-admin has been stubbed. {\"adminResolution\":{\"declared\":true,\"installed\":true,\"version\":\"8.13.0\",\"resolution\":\"H:\\\\React Protfolio\\\\amazon_clone\\\\functions\\\\node_modules\\\\firebase-admin\\\\lib\\\\index.js\"}}"}}
[debug] [2020-09-12T00:13:46.661Z] [runtime-status] [3452] Trigger "api" has been found, beginning invocation! {"metadata":{"emulator":{"name":"functions"},"function":{"name":"api"},"message":"[runtime-status] [3452] Trigger \"api\" has been found, beginning invocation!"}}
[info] i  functions: Beginning execution of "api" {"metadata":{"emulator":{"name":"functions"},"function":{"name":"api"},"message":"Beginning execution of \"api\""}}
[debug] [2020-09-12T00:13:46.667Z] [runtime-status] [3452] triggerDefinition {"httpsTrigger":{},"name":"api","entryPoint":"api"} {"metadata":{"emulator":{"name":"functions"},"function":{"name":"api"},"message":"[runtime-status] [3452] triggerDefinition {\"httpsTrigger\":{},\"name\":\"api\",\"entryPoint\":\"api\"}"}}
[debug] [2020-09-12T00:13:46.667Z] [runtime-status] [3452] Running api in mode HTTPS {"metadata":{"emulator":{"name":"functions"},"function":{"name":"api"},"message":"[runtime-status] [3452] Running api in mode HTTPS"}}
[debug] [2020-09-12T00:13:46.672Z] [runtime-status] [3452] Attempting to listen to socketPath: \\?\pipe\H:\React Protfolio\amazon_clone\functions\3452 {"metadata":{"emulator":{"name":"functions"},"function":{"name":"api"},"message":"[runtime-status] [3452] Attempting to listen to socketPath: \\\\?\\pipe\\H:\\React Protfolio\\amazon_clone\\functions\\3452"}}
[debug] [2020-09-12T00:13:46.678Z] [functions] Runtime ready! Sending request! {"metadata":{"emulator":{"name":"functions"},"message":"[functions] Runtime ready! Sending request!"}}
[debug] [2020-09-12T00:13:46.701Z] [runtime-status] [3452] Ephemeral server handling POST request {"metadata":{"emulator":{"name":"functions"},"function":{"name":"api"},"message":"[runtime-status] [3452] Ephemeral server handling POST request"}}
[info] >  Payment Request Recieved BOOM!!! for this amount >>>  68210 {"user":"Payment Request Recieved BOOM!!! for this amount >>>  68210","metadata":{"emulator":{"name":"functions"},"function":{"name":"api"},"message":"\u001b[90m> \u001b[39m Payment Request Recieved BOOM!!! for this amount >>>  68210"}}
[debug] [2020-09-12T00:13:47.357Z] [runtime-status] [3452] Ephemeral server survived. {"metadata":{"emulator":{"name":"functions"},"function":{"name":"api"},"message":"[runtime-status] [3452] Ephemeral server survived."}}
[info] i  functions: Finished "api" in ~2s {"metadata":{"emulator":{"name":"functions"},"function":{"name":"api"},"message":"Finished \"api\" in ~2s"}}
[debug] [2020-09-12T00:13:48.870Z] [worker-api-ff3616dd-84b3-433f-b0f2-a287bb8f128a]: IDLE {"metadata":{"emulator":{"name":"functions"},"message":"[worker-api-ff3616dd-84b3-433f-b0f2-a287bb8f128a]: IDLE"}}
[debug] [2020-09-12T00:13:48.870Z] [work-queue] {"queueLength":0,"workRunningCount":0}
[debug] [2020-09-12T00:14:01.749Z] [work-queue] {"queueLength":1,"workRunningCount":0}
[debug] [2020-09-12T00:14:01.751Z] [work-queue] {"queueLength":0,"workRunningCount":1}
[debug] [2020-09-12T00:14:01.751Z] Accepted request POST /clone-81330/us-central1/api/payments/create?total=0 --> api
[debug] [2020-09-12T00:14:01.751Z] [worker-pool] submitWork(triggerId=api) {"metadata":{"emulator":{"name":"functions"},"message":"[worker-pool] submitWork(triggerId=api)"}}
[debug] [2020-09-12T00:14:01.751Z] [worker-api-ff3616dd-84b3-433f-b0f2-a287bb8f128a]: Assigning socketPath: \\?\pipe\H:\React Protfolio\amazon_clone\functions\3452 {"metadata":{"emulator":{"name":"functions"},"message":"[worker-api-ff3616dd-84b3-433f-b0f2-a287bb8f128a]: Assigning socketPath: \\\\?\\pipe\\H:\\React Protfolio\\amazon_clone\\functions\\3452"}}
[debug] [2020-09-12T00:14:01.751Z] [worker-api-ff3616dd-84b3-433f-b0f2-a287bb8f128a]: BUSY {"metadata":{"emulator":{"name":"functions"},"message":"[worker-api-ff3616dd-84b3-433f-b0f2-a287bb8f128a]: BUSY"}}
[debug] [2020-09-12T00:14:01.754Z] [runtime-status] [3452] Trigger "api" has been found, beginning invocation! {"metadata":{"emulator":{"name":"functions"},"function":{"name":"api"},"message":"[runtime-status] [3452] Trigger \"api\" has been found, beginning invocation!"}}
[info] i  functions: Beginning execution of "api" {"metadata":{"emulator":{"name":"functions"},"function":{"name":"api"},"message":"Beginning execution of \"api\""}}
[debug] [2020-09-12T00:14:01.772Z] [runtime-status] [3452] triggerDefinition {"httpsTrigger":{},"name":"api","entryPoint":"api"} {"metadata":{"emulator":{"name":"functions"},"function":{"name":"api"},"message":"[runtime-status] [3452] triggerDefinition {\"httpsTrigger\":{},\"name\":\"api\",\"entryPoint\":\"api\"}"}}
[debug] [2020-09-12T00:14:01.773Z] [runtime-status] [3452] Running api in mode HTTPS {"metadata":{"emulator":{"name":"functions"},"function":{"name":"api"},"message":"[runtime-status] [3452] Running api in mode HTTPS"}}
[debug] [2020-09-12T00:14:01.773Z] [runtime-status] [3452] Attempting to listen to socketPath: \\?\pipe\H:\React Protfolio\amazon_clone\functions\3452 {"metadata":{"emulator":{"name":"functions"},"function":{"name":"api"},"message":"[runtime-status] [3452] Attempting to listen to socketPath: \\\\?\\pipe\\H:\\React Protfolio\\amazon_clone\\functions\\3452"}}
[debug] [2020-09-12T00:14:01.774Z] [functions] Runtime ready! Sending request! {"metadata":{"emulator":{"name":"functions"},"message":"[functions] Runtime ready! Sending request!"}}
[debug] [2020-09-12T00:14:01.781Z] [runtime-status] [3452] Ephemeral server handling POST request {"metadata":{"emulator":{"name":"functions"},"function":{"name":"api"},"message":"[runtime-status] [3452] Ephemeral server handling POST request"}}
[debug] [2020-09-12T00:14:01.781Z] [runtime-status] [3452] Ephemeral server survived. {"metadata":{"emulator":{"name":"functions"},"function":{"name":"api"},"message":"[runtime-status] [3452] Ephemeral server survived."}}
[info] >  Payment Request Recieved BOOM!!! for this amount >>>  0 {"user":"Payment Request Recieved BOOM!!! for this amount >>>  0","metadata":{"emulator":{"name":"functions"},"function":{"name":"api"},"message":"\u001b[90m> \u001b[39m Payment Request Recieved BOOM!!! for this amount >>>  0"}}
[info] >  (node:3452) UnhandledPromiseRejectionWarning: Error: This value must be greater than or equal to 1. {"user":"(node:3452) UnhandledPromiseRejectionWarning: Error: This value must be greater than or equal to 1.","metadata":{"emulator":{"name":"functions"},"function":{"name":"api"},"message":"\u001b[90m> \u001b[39m (node:3452) UnhandledPromiseRejectionWarning: Error: This value must be greater than or equal to 1."}}
[info] >      at Function.generate (H:\React Protfolio\amazon_clone\functions\node_modules\stripe\lib\Error.js:39:16) {"user":"    at Function.generate (H:\\React Protfolio\\amazon_clone\\functions\\node_modules\\stripe\\lib\\Error.js:39:16)","metadata":{"emulator":{"name":"functions"},"function":{"name":"api"},"message":"\u001b[90m> \u001b[39m     at Function.generate (H:\\React Protfolio\\amazon_clone\\functions\\node_modules\\stripe\\lib\\Error.js:39:16)"}}
[info] >      at IncomingMessage.<anonymous> (H:\React Protfolio\amazon_clone\functions\node_modules\stripe\lib\StripeResource.js:190:33) {"user":"    at IncomingMessage.<anonymous> (H:\\React Protfolio\\amazon_clone\\functions\\node_modules\\stripe\\lib\\StripeResource.js:190:33)","metadata":{"emulator":{"name":"functions"},"function":{"name":"api"},"message":"\u001b[90m> \u001b[39m     at IncomingMessage.<anonymous> (H:\\React Protfolio\\amazon_clone\\functions\\node_modules\\stripe\\lib\\StripeResource.js:190:33)"}}
[info] >      at Object.onceWrapper (events.js:421:28) {"user":"    at Object.onceWrapper (events.js:421:28)","metadata":{"emulator":{"name":"functions"},"function":{"name":"api"},"message":"\u001b[90m> \u001b[39m     at Object.onceWrapper (events.js:421:28)"}}
[info] >      at IncomingMessage.emit (events.js:327:22) {"user":"    at IncomingMessage.emit (events.js:327:22)","metadata":{"emulator":{"name":"functions"},"function":{"name":"api"},"message":"\u001b[90m> \u001b[39m     at IncomingMessage.emit (events.js:327:22)"}}
[info] >      at endReadableNT (_stream_readable.js:1221:12) {"user":"    at endReadableNT (_stream_readable.js:1221:12)","metadata":{"emulator":{"name":"functions"},"function":{"name":"api"},"message":"\u001b[90m> \u001b[39m     at endReadableNT (_stream_readable.js:1221:12)"}}
[info] >      at processTicksAndRejections (internal/process/task_queues.js:84:21) {"user":"    at processTicksAndRejections (internal/process/task_queues.js:84:21)","metadata":{"emulator":{"name":"functions"},"function":{"name":"api"},"message":"\u001b[90m> \u001b[39m     at processTicksAndRejections (internal/process/task_queues.js:84:21)"}}
[info] >  (node:3452) UnhandledPromiseRejectionWarning: Unhandled promise rejection. This error originated either by throwing inside of an async function without a catch block, or by rejecting a promise which was not handled with .catch(). To terminate the node process on unhandled promise rejection, use the CLI flag `--unhandled-rejections=strict` (see https://nodejs.org/api/cli.html#cli_unhandled_rejections_mode). (rejection id: 1) {"user":"(node:3452) UnhandledPromiseRejectionWarning: Unhandled promise rejection. This error originated either by throwing inside of an async function without a catch block, or by rejecting a promise which was not handled with .catch(). To terminate the node process on unhandled promise rejection, use the CLI flag `--unhandled-rejections=strict` (see https://nodejs.org/api/cli.html#cli_unhandled_rejections_mode). (rejection id: 1)","metadata":{"emulator":{"name":"functions"},"function":{"name":"api"},"message":"\u001b[90m> \u001b[39m (node:3452) UnhandledPromiseRejectionWarning: Unhandled promise rejection. This error originated either by throwing inside of an async function without a catch block, or by rejecting a promise which was not handled with .catch(). To terminate the node process on unhandled promise rejection, use the CLI flag `--unhandled-rejections=strict` (see https://nodejs.org/api/cli.html#cli_unhandled_rejections_mode). (rejection id: 1)"}}
[info] >  (node:3452) [DEP0018] DeprecationWarning: Unhandled promise rejections are deprecated. In the future, promise rejections that are not handled will terminate the Node.js process with a non-zero exit code. {"user":"(node:3452) [DEP0018] DeprecationWarning: Unhandled promise rejections are deprecated. In the future, promise rejections that are not handled will terminate the Node.js process with a non-zero exit code.","metadata":{"emulator":{"name":"functions"},"function":{"name":"api"},"message":"\u001b[90m> \u001b[39m (node:3452) [DEP0018] DeprecationWarning: Unhandled promise rejections are deprecated. In the future, promise rejections that are not handled will terminate the Node.js process with a non-zero exit code."}}
[warn] !  functions: Your function timed out after ~60s. To configure this timeout, see
      https://firebase.google.com/docs/functions/manage-functions#set_timeout_and_memory_allocation. {"metadata":{"emulator":{"name":"functions"},"function":{"name":"api"},"message":"Your function timed out after ~60s. To configure this timeout, see\n      https://firebase.google.com/docs/functions/manage-functions#set_timeout_and_memory_allocation."}}
[info] >  C:\Users\Numan\AppData\Roaming\npm\node_modules\firebase-tools\lib\emulator\functionsEmulatorRuntime.js:642 {"user":"C:\\Users\\Numan\\AppData\\Roaming\\npm\\node_modules\\firebase-tools\\lib\\emulator\\functionsEmulatorRuntime.js:642\r","metadata":{"emulator":{"name":"functions"},"function":{"name":"api"},"message":"\u001b[90m> \u001b[39m C:\\Users\\Numan\\AppData\\Roaming\\npm\\node_modules\\firebase-tools\\lib\\emulator\\functionsEmulatorRuntime.js:642\r"}}
[info] >                  throw new Error("Function timed out."); {"user":"                throw new Error(\"Function timed out.\");\r","metadata":{"emulator":{"name":"functions"},"function":{"name":"api"},"message":"\u001b[90m> \u001b[39m                 throw new Error(\"Function timed out.\");\r"}}
[info] >                  ^ {"user":"                ^\r","metadata":{"emulator":{"name":"functions"},"function":{"name":"api"},"message":"\u001b[90m> \u001b[39m                 ^\r"}}
[info] >   {"user":"\r","metadata":{"emulator":{"name":"functions"},"function":{"name":"api"},"message":"\u001b[90m> \u001b[39m \r"}}
[info] >  Error: Function timed out. {"user":"Error: Function timed out.\r","metadata":{"emulator":{"name":"functions"},"function":{"name":"api"},"message":"\u001b[90m> \u001b[39m Error: Function timed out.\r"}}
[info] >      at Timeout._onTimeout (C:\Users\Numan\AppData\Roaming\npm\node_modules\firebase-tools\lib\emulator\functionsEmulatorRuntime.js:642:23) {"user":"    at Timeout._onTimeout (C:\\Users\\Numan\\AppData\\Roaming\\npm\\node_modules\\firebase-tools\\lib\\emulator\\functionsEmulatorRuntime.js:642:23)\r","metadata":{"emulator":{"name":"functions"},"function":{"name":"api"},"message":"\u001b[90m> \u001b[39m     at Timeout._onTimeout (C:\\Users\\Numan\\AppData\\Roaming\\npm\\node_modules\\firebase-tools\\lib\\emulator\\functionsEmulatorRuntime.js:642:23)\r"}}
[info] >      at listOnTimeout (internal/timers.js:549:17) {"user":"    at listOnTimeout (internal/timers.js:549:17)\r","metadata":{"emulator":{"name":"functions"},"function":{"name":"api"},"message":"\u001b[90m> \u001b[39m     at listOnTimeout (internal/timers.js:549:17)\r"}}
[info] >      at processTimers (internal/timers.js:492:7) {"user":"    at processTimers (internal/timers.js:492:7)\r","metadata":{"emulator":{"name":"functions"},"function":{"name":"api"},"message":"\u001b[90m> \u001b[39m     at processTimers (internal/timers.js:492:7)\r"}}
[debug] [2020-09-12T00:15:01.811Z] [worker-api-ff3616dd-84b3-433f-b0f2-a287bb8f128a]: exited {"metadata":{"emulator":{"name":"functions"},"message":"[worker-api-ff3616dd-84b3-433f-b0f2-a287bb8f128a]: exited"}}
[debug] [2020-09-12T00:15:01.811Z] [worker-api-ff3616dd-84b3-433f-b0f2-a287bb8f128a]: FINISHED {"metadata":{"emulator":{"name":"functions"},"message":"[worker-api-ff3616dd-84b3-433f-b0f2-a287bb8f128a]: FINISHED"}}
[debug] [2020-09-12T00:15:01.811Z] [work-queue] {"queueLength":0,"workRunningCount":0}
[debug] [2020-09-12T00:29:23.558Z] Received signal SIGHUP 1
[info]  
[info] i  emulators: Received SIGHUP for the first time. Starting a clean shutdown. 
[info] i  emulators: Please wait for a clean shutdown or send the SIGHUP signal again to stop right now. 
[info] i  emulators: Shutting down emulators. {"metadata":{"emulator":{"name":"hub"},"message":"Shutting down emulators."}}
[info] i  ui: Stopping Emulator UI {"metadata":{"emulator":{"name":"ui"},"message":"Stopping Emulator UI"}}
[warn] !  Emulator UI has exited upon receiving signal: SIGINT 
[debug] [2020-09-12T12:10:41.337Z] ----------------------------------------------------------------------
[debug] [2020-09-12T12:10:41.342Z] Command:       C:\Program Files\nodejs\node.exe C:\Users\Numan\AppData\Roaming\npm\node_modules\firebase-tools\lib\bin\firebase.js emulators:start
[debug] [2020-09-12T12:10:41.343Z] CLI Version:   8.10.0
[debug] [2020-09-12T12:10:41.343Z] Platform:      win32
[debug] [2020-09-12T12:10:41.343Z] Node Version:  v12.18.2
[debug] [2020-09-12T12:10:41.344Z] Time:          Sat Sep 12 2020 18:10:41 GMT+0600 (Bangladesh Standard Time)
[debug] [2020-09-12T12:10:41.345Z] ----------------------------------------------------------------------
[debug] [2020-09-12T12:10:41.345Z] 
[debug] [2020-09-12T12:10:41.466Z] > command requires scopes: ["email","openid","https://www.googleapis.com/auth/cloudplatformprojects.readonly","https://www.googleapis.com/auth/firebase","https://www.googleapis.com/auth/cloud-platform"]
[debug] [2020-09-12T12:10:41.467Z] > authorizing via signed-in user
[info] i  emulators: Starting emulators: functions, hosting {"metadata":{"emulator":{"name":"hub"},"message":"Starting emulators: functions, hosting"}}
[warn] !  emulators: It seems that you are running multiple instances of the emulator suite for project clone-81330. This may result in unexpected behavior. 
[debug] [2020-09-12T12:10:43.105Z] [hub] writing locator at C:\Users\Numan\AppData\Local\Temp\hub-clone-81330.json
[warn] !  functions: The following emulators are not running, calls to these services from the Functions emulator will affect production: firestore, database, pubsub {"metadata":{"emulator":{"name":"functions"},"message":"The following emulators are not running, calls to these services from the Functions emulator will affect production: \u001b[1mfirestore, database, pubsub\u001b[22m"}}
[warn] !  Your requested "node" version "10" doesn't match your global version "12" {"metadata":{"emulator":{"name":"functions"},"message":"Your requested \"node\" version \"10\" doesn't match your global version \"12\""}}
[debug] [2020-09-12T12:10:44.669Z] defaultcredentials: writing to file C:\Users\Numan\AppData\Roaming\firebase\numanahmedw318_gmail_com_application_default_credentials.json
[debug] [2020-09-12T12:10:44.673Z] Setting GAC to C:\Users\Numan\AppData\Roaming\firebase\numanahmedw318_gmail_com_application_default_credentials.json {"metadata":{"emulator":{"name":"functions"},"message":"Setting GAC to C:\\Users\\Numan\\AppData\\Roaming\\firebase\\numanahmedw318_gmail_com_application_default_credentials.json"}}
[debug] [2020-09-12T12:10:45.687Z] > refreshing access token with scopes: ["email","https://www.googleapis.com/auth/cloud-platform","https://www.googleapis.com/auth/cloudplatformprojects.readonly","https://www.googleapis.com/auth/firebase","openid"]
[debug] [2020-09-12T12:10:45.688Z] >>> HTTP REQUEST POST https://www.googleapis.com/oauth2/v3/token  
 <request body omitted>
[debug] [2020-09-12T12:10:46.275Z] <<< HTTP RESPONSE 200 {"content-type":"application/json; charset=utf-8","vary":"X-Origin, Referer, Origin,Accept-Encoding","date":"Sat, 12 Sep 2020 12:10:42 GMT","server":"scaffolding on HTTPServer2","cache-control":"private","x-xss-protection":"0","x-frame-options":"SAMEORIGIN","x-content-type-options":"nosniff","alt-svc":"h3-29=\":443\"; ma=2592000,h3-27=\":443\"; ma=2592000,h3-T051=\":443\"; ma=2592000,h3-T050=\":443\"; ma=2592000,h3-Q050=\":443\"; ma=2592000,h3-Q046=\":443\"; ma=2592000,h3-Q043=\":443\"; ma=2592000,quic=\":443\"; ma=2592000; v=\"46,43\"","accept-ranges":"none","transfer-encoding":"chunked"}
[debug] [2020-09-12T12:10:47.330Z] >>> HTTP REQUEST GET https://firebase.googleapis.com/v1beta1/projects/clone-81330/webApps/-/config  
 
[debug] [2020-09-12T12:10:49.193Z] <<< HTTP RESPONSE 200 {"content-type":"application/json; charset=UTF-8","vary":"X-Origin, Referer, Origin,Accept-Encoding","date":"Sat, 12 Sep 2020 12:10:45 GMT","server":"ESF","cache-control":"private","x-xss-protection":"0","x-frame-options":"SAMEORIGIN","x-content-type-options":"nosniff","alt-svc":"h3-29=\":443\"; ma=2592000,h3-27=\":443\"; ma=2592000,h3-T051=\":443\"; ma=2592000,h3-T050=\":443\"; ma=2592000,h3-Q050=\":443\"; ma=2592000,h3-Q046=\":443\"; ma=2592000,h3-Q043=\":443\"; ma=2592000,quic=\":443\"; ma=2592000; v=\"46,43\"","accept-ranges":"none","transfer-encoding":"chunked"}
[info] i  hosting: Serving hosting files from: build {"metadata":{"emulator":{"name":"hosting"},"message":"Serving hosting files from: \u001b[1mbuild\u001b[22m"}}
[info] +  hosting: Local server: http://localhost:5000 {"metadata":{"emulator":{"name":"hosting"},"message":"Local server: \u001b[4m\u001b[1mhttp://localhost:5000\u001b[22m\u001b[24m"}}
[debug] [2020-09-12T12:10:52.302Z] Ignoring unsupported arg: auto_download {"metadata":{"emulator":{"name":"ui"},"message":"Ignoring unsupported arg: auto_download"}}
[debug] [2020-09-12T12:10:52.302Z] Ignoring unsupported arg: port {"metadata":{"emulator":{"name":"ui"},"message":"Ignoring unsupported arg: port"}}
[debug] [2020-09-12T12:10:52.303Z] Starting Emulator UI with command {"binary":"node","args":["C:\\Users\\Numan\\.cache\\firebase\\emulators\\ui-v1.1.1\\server.bundle.js"],"optionalArgs":[],"joinArgs":false} {"metadata":{"emulator":{"name":"ui"},"message":"Starting Emulator UI with command {\"binary\":\"node\",\"args\":[\"C:\\\\Users\\\\Numan\\\\.cache\\\\firebase\\\\emulators\\\\ui-v1.1.1\\\\server.bundle.js\"],\"optionalArgs\":[],\"joinArgs\":false}"}}
[info] i  ui: Emulator UI logging to ui-debug.log {"metadata":{"emulator":{"name":"ui"},"message":"Emulator UI logging to \u001b[1mui-debug.log\u001b[22m"}}
[debug] [2020-09-12T12:10:52.664Z] Web / API server started at http://localhost:4000
 {"metadata":{"emulator":{"name":"ui"},"message":"Web / API server started at http://localhost:4000\n"}}
[info] i  functions: Watching "H:\React Protfolio\amazon_clone\functions" for Cloud Functions... {"metadata":{"emulator":{"name":"functions"},"message":"Watching \"H:\\React Protfolio\\amazon_clone\\functions\" for Cloud Functions..."}}
[debug] [2020-09-12T12:10:53.484Z] [worker-pool] addWorker(~diagnostic~) {"metadata":{"emulator":{"name":"functions"},"message":"[worker-pool] addWorker(~diagnostic~)"}}
[debug] [2020-09-12T12:10:53.484Z] [worker-pool] Adding worker with key ~diagnostic~, total=1 {"metadata":{"emulator":{"name":"functions"},"message":"[worker-pool] Adding worker with key ~diagnostic~, total=1"}}
[debug] [2020-09-12T12:10:53.484Z] [worker-pool] submitWork(triggerId=) {"metadata":{"emulator":{"name":"functions"},"message":"[worker-pool] submitWork(triggerId=)"}}
[debug] [2020-09-12T12:10:53.485Z] [worker-~diagnostic~-e3fb2c21-c59a-4285-81ed-e103babcfe8b]: Assigning socketPath: \\?\pipe\H:\React Protfolio\amazon_clone\functions\3848 {"metadata":{"emulator":{"name":"functions"},"message":"[worker-~diagnostic~-e3fb2c21-c59a-4285-81ed-e103babcfe8b]: Assigning socketPath: \\\\?\\pipe\\H:\\React Protfolio\\amazon_clone\\functions\\3848"}}
[debug] [2020-09-12T12:10:53.485Z] [worker-~diagnostic~-e3fb2c21-c59a-4285-81ed-e103babcfe8b]: BUSY {"metadata":{"emulator":{"name":"functions"},"message":"[worker-~diagnostic~-e3fb2c21-c59a-4285-81ed-e103babcfe8b]: BUSY"}}
[debug] [2020-09-12T12:10:57.171Z] [runtime-status] [3848] Functions runtime initialized. {"cwd":"H:\\React Protfolio\\amazon_clone\\functions","node_version":"12.18.2"} {"metadata":{"emulator":{"name":"functions"},"message":"[runtime-status] [3848] Functions runtime initialized. {\"cwd\":\"H:\\\\React Protfolio\\\\amazon_clone\\\\functions\",\"node_version\":\"12.18.2\"}"}}
[debug] [2020-09-12T12:10:57.182Z] [runtime-status] [3848] Disabled runtime features: undefined {"metadata":{"emulator":{"name":"functions"},"message":"[runtime-status] [3848] Disabled runtime features: undefined"}}
[debug] [2020-09-12T12:10:57.368Z] [runtime-status] [3848] Resolved module firebase-admin {"declared":true,"installed":true,"version":"8.13.0","resolution":"H:\\React Protfolio\\amazon_clone\\functions\\node_modules\\firebase-admin\\lib\\index.js"} {"metadata":{"emulator":{"name":"functions"},"message":"[runtime-status] [3848] Resolved module firebase-admin {\"declared\":true,\"installed\":true,\"version\":\"8.13.0\",\"resolution\":\"H:\\\\React Protfolio\\\\amazon_clone\\\\functions\\\\node_modules\\\\firebase-admin\\\\lib\\\\index.js\"}"}}
[debug] [2020-09-12T12:10:57.528Z] [runtime-status] [3848] Resolved module firebase-functions {"declared":true,"installed":true,"version":"3.11.0","resolution":"H:\\React Protfolio\\amazon_clone\\functions\\node_modules\\firebase-functions\\lib\\index.js"} {"metadata":{"emulator":{"name":"functions"},"message":"[runtime-status] [3848] Resolved module firebase-functions {\"declared\":true,\"installed\":true,\"version\":\"3.11.0\",\"resolution\":\"H:\\\\React Protfolio\\\\amazon_clone\\\\functions\\\\node_modules\\\\firebase-functions\\\\lib\\\\index.js\"}"}}
[debug] [2020-09-12T12:10:57.530Z] [runtime-status] [3848] Resolved module firebase-functions {"declared":true,"installed":true,"version":"3.11.0","resolution":"H:\\React Protfolio\\amazon_clone\\functions\\node_modules\\firebase-functions\\lib\\index.js"} {"metadata":{"emulator":{"name":"functions"},"message":"[runtime-status] [3848] Resolved module firebase-functions {\"declared\":true,\"installed\":true,\"version\":\"3.11.0\",\"resolution\":\"H:\\\\React Protfolio\\\\amazon_clone\\\\functions\\\\node_modules\\\\firebase-functions\\\\lib\\\\index.js\"}"}}
[debug] [2020-09-12T12:10:57.532Z] [runtime-status] [3848] Outgoing network have been stubbed. [{"name":"http","status":"mocked"},{"name":"http","status":"mocked"},{"name":"https","status":"mocked"},{"name":"https","status":"mocked"},{"name":"net","status":"mocked"}] {"metadata":{"emulator":{"name":"functions"},"message":"[runtime-status] [3848] Outgoing network have been stubbed. [{\"name\":\"http\",\"status\":\"mocked\"},{\"name\":\"http\",\"status\":\"mocked\"},{\"name\":\"https\",\"status\":\"mocked\"},{\"name\":\"https\",\"status\":\"mocked\"},{\"name\":\"net\",\"status\":\"mocked\"}]"}}
[debug] [2020-09-12T12:10:57.533Z] [runtime-status] [3848] Resolved module firebase-functions {"declared":true,"installed":true,"version":"3.11.0","resolution":"H:\\React Protfolio\\amazon_clone\\functions\\node_modules\\firebase-functions\\lib\\index.js"} {"metadata":{"emulator":{"name":"functions"},"message":"[runtime-status] [3848] Resolved module firebase-functions {\"declared\":true,\"installed\":true,\"version\":\"3.11.0\",\"resolution\":\"H:\\\\React Protfolio\\\\amazon_clone\\\\functions\\\\node_modules\\\\firebase-functions\\\\lib\\\\index.js\"}"}}
[debug] [2020-09-12T12:10:59.602Z] [runtime-status] [3848] Checked functions.config() {"config":{}} {"metadata":{"emulator":{"name":"functions"},"message":"[runtime-status] [3848] Checked functions.config() {\"config\":{}}"}}
[debug] [2020-09-12T12:10:59.602Z] [runtime-status] [3848] firebase-functions has been stubbed. {"functionsResolution":{"declared":true,"installed":true,"version":"3.11.0","resolution":"H:\\React Protfolio\\amazon_clone\\functions\\node_modules\\firebase-functions\\lib\\index.js"}} {"metadata":{"emulator":{"name":"functions"},"message":"[runtime-status] [3848] firebase-functions has been stubbed. {\"functionsResolution\":{\"declared\":true,\"installed\":true,\"version\":\"3.11.0\",\"resolution\":\"H:\\\\React Protfolio\\\\amazon_clone\\\\functions\\\\node_modules\\\\firebase-functions\\\\lib\\\\index.js\"}}"}}
[debug] [2020-09-12T12:10:59.603Z] [runtime-status] [3848] Resolved module firebase-functions {"declared":true,"installed":true,"version":"3.11.0","resolution":"H:\\React Protfolio\\amazon_clone\\functions\\node_modules\\firebase-functions\\lib\\index.js"} {"metadata":{"emulator":{"name":"functions"},"message":"[runtime-status] [3848] Resolved module firebase-functions {\"declared\":true,\"installed\":true,\"version\":\"3.11.0\",\"resolution\":\"H:\\\\React Protfolio\\\\amazon_clone\\\\functions\\\\node_modules\\\\firebase-functions\\\\lib\\\\index.js\"}"}}
[debug] [2020-09-12T12:10:59.605Z] [runtime-status] [3848] Resolved module firebase-admin {"declared":true,"installed":true,"version":"8.13.0","resolution":"H:\\React Protfolio\\amazon_clone\\functions\\node_modules\\firebase-admin\\lib\\index.js"} {"metadata":{"emulator":{"name":"functions"},"message":"[runtime-status] [3848] Resolved module firebase-admin {\"declared\":true,\"installed\":true,\"version\":\"8.13.0\",\"resolution\":\"H:\\\\React Protfolio\\\\amazon_clone\\\\functions\\\\node_modules\\\\firebase-admin\\\\lib\\\\index.js\"}"}}
[debug] [2020-09-12T12:10:59.606Z] [runtime-status] [3848] Resolved module firebase-functions {"declared":true,"installed":true,"version":"3.11.0","resolution":"H:\\React Protfolio\\amazon_clone\\functions\\node_modules\\firebase-functions\\lib\\index.js"} {"metadata":{"emulator":{"name":"functions"},"message":"[runtime-status] [3848] Resolved module firebase-functions {\"declared\":true,\"installed\":true,\"version\":\"3.11.0\",\"resolution\":\"H:\\\\React Protfolio\\\\amazon_clone\\\\functions\\\\node_modules\\\\firebase-functions\\\\lib\\\\index.js\"}"}}
[debug] [2020-09-12T12:10:59.607Z] [runtime-status] [3848] firebase-admin has been stubbed. {"adminResolution":{"declared":true,"installed":true,"version":"8.13.0","resolution":"H:\\React Protfolio\\amazon_clone\\functions\\node_modules\\firebase-admin\\lib\\index.js"}} {"metadata":{"emulator":{"name":"functions"},"message":"[runtime-status] [3848] firebase-admin has been stubbed. {\"adminResolution\":{\"declared\":true,\"installed\":true,\"version\":\"8.13.0\",\"resolution\":\"H:\\\\React Protfolio\\\\amazon_clone\\\\functions\\\\node_modules\\\\firebase-admin\\\\lib\\\\index.js\"}}"}}
[info] +  functions[api]: http function initialized (http://localhost:5001/clone-81330/us-central1/api). {"metadata":{"emulator":{"name":"functions"},"message":"\u001b[1mhttp\u001b[22m function initialized (http://localhost:5001/clone-81330/us-central1/api)."}}
[info] 
┌───────────────────────────────────────────────────────────────────────┐
│ ✔  All emulators ready! View status and logs at http://localhost:4000 │
└───────────────────────────────────────────────────────────────────────┘

┌───────────┬────────────────┬─────────────────────────────────┐
│ Emulator  │ Host:Port      │ View in Emulator UI             │
├───────────┼────────────────┼─────────────────────────────────┤
│ Functions │ localhost:5001 │ http://localhost:4000/functions │
├───────────┼────────────────┼─────────────────────────────────┤
│ Hosting   │ localhost:5000 │ n/a                             │
└───────────┴────────────────┴─────────────────────────────────┘
  Other reserved ports: 4400, 4500

Issues? Report them at https://github.com/firebase/firebase-tools/issues and attach the *-debug.log files.
 
[debug] [2020-09-12T12:11:09.250Z] [worker-~diagnostic~-e3fb2c21-c59a-4285-81ed-e103babcfe8b]: IDLE {"metadata":{"emulator":{"name":"functions"},"message":"[worker-~diagnostic~-e3fb2c21-c59a-4285-81ed-e103babcfe8b]: IDLE"}}
[debug] [2020-09-12T12:31:09.082Z] Functions emulator received unknown request at path /clone-6de06/us-central1/api/payments/create
